<?xml version="1.0" encoding="UTF-8"?>
<TestRun id="6982cecd-2af2-44ca-b40a-656f47c5aa03" name="joeychen@WANTALMOST-V7 2015-08-26 17:14:04" runUser="Y\joeychen" xmlns="http://microsoft.com/schemas/VisualStudio/TeamTest/2010">
  <TestSettings name="Default Test Settings" id="2659e8c8-45ee-42c3-bd03-208384e4f605">
    <Deployment userDeploymentRoot="C:\Users\joeychen\Dropbox\skill tree 課程\201510 第四梯\lab\day3-lab-solution\lab12-Living Document\SpecFlowWithEf.Tests\bin\Debug" useDefaultDeploymentRoot="false" runDeploymentRoot="joeychen_WANTALMOST-V7 2015-08-26 17_14_04" />
    <Execution>
      <TestTypeSpecific />
      <AgentRule name="Execution Agents">
      </AgentRule>
    </Execution>
    <Properties />
  </TestSettings>
  <Times creation="2015-08-26T17:14:04.3352213+08:00" queuing="2015-08-26T17:14:04.8710053+08:00" start="2015-08-26T17:14:05.0399377+08:00" finish="2015-08-26T17:14:15.7296597+08:00" />
  <ResultSummary outcome="Inconclusive">
    <Counters total="62" executed="62" passed="3" error="0" failed="0" timeout="0" aborted="0" inconclusive="59" passedButRunAborted="0" notRunnable="0" notExecuted="0" disconnected="0" warning="0" completed="0" inProgress="0" pending="0" />
  </ResultSummary>
  <TestDefinitions>
    <UnitTest name="ClearTheScreen" storage="specflowwithef.tests.dll" id="e72aa82a-5639-ddc2-819f-95e4564f28a8">
      <Description>Clear the screen</Description>
      <TestCategory>
        <TestCategoryItem TestCategory="workflow" />
        <TestCategoryItem TestCategory="slow" />
      </TestCategory>
      <Execution id="1db1164a-69ba-4c64-9635-39b8deadc152" />
      <Properties>
        <Property>
          <Key>FeatureTitle</Key>
          <Value>Clearing Screen</Value>
        </Property>
      </Properties>
      <TestMethod codeBase="C:/Users/joeychen/Dropbox/skill tree 課程/201510 第四梯/lab/day3-lab-solution/lab12-Living Document/SpecFlowWithEf.Tests/bin/Debug/SpecFlowWithEf.Tests.dll" adapterTypeName="Microsoft.VisualStudio.TestTools.TestTypes.Unit.UnitTestAdapter, Microsoft.VisualStudio.QualityTools.Tips.UnitTest.Adapter, Version=12.0.0.0, Culture=neutral, PublicKeyToken=b03f5f7f11d50a3a" className="SpecFlowWithEf.Tests.Features.Workflow.ClearingScreenFeature, SpecFlowWithEf.Tests, Version=1.0.0.0, Culture=neutral, PublicKeyToken=null" name="ClearTheScreen" />
    </UnitTest>
    <UnitTest name="AddTwoPositiveNumbersWithManyExamples_MoreThan100_1000" storage="specflowwithef.tests.dll" id="283f0994-e586-17ba-1ad3-e54812055854">
      <Description>Add two positive numbers with many examples</Description>
      <Execution id="82449e4a-0cf7-4e52-9f63-66037413fe93" />
      <Properties>
        <Property>
          <Key>Parameter:number 2</Key>
          <Value>20</Value>
        </Property>
        <Property>
          <Key>Parameter:number 1</Key>
          <Value>1000</Value>
        </Property>
        <Property>
          <Key>ExampleSetName</Key>
          <Value>more than 100</Value>
        </Property>
        <Property>
          <Key>VariantName</Key>
          <Value>1000</Value>
        </Property>
        <Property>
          <Key>FeatureTitle</Key>
          <Value>Scenario outline</Value>
        </Property>
        <Property>
          <Key>Parameter:result</Key>
          <Value>1020</Value>
        </Property>
      </Properties>
      <TestMethod codeBase="C:/Users/joeychen/Dropbox/skill tree 課程/201510 第四梯/lab/day3-lab-solution/lab12-Living Document/SpecFlowWithEf.Tests/bin/Debug/SpecFlowWithEf.Tests.dll" adapterTypeName="Microsoft.VisualStudio.TestTools.TestTypes.Unit.UnitTestAdapter, Microsoft.VisualStudio.QualityTools.Tips.UnitTest.Adapter, Version=12.0.0.0, Culture=neutral, PublicKeyToken=b03f5f7f11d50a3a" className="SpecFlowWithEf.Tests.Features._03ScenarioOutline.ScenarioOutlineFeature, SpecFlowWithEf.Tests, Version=1.0.0.0, Culture=neutral, PublicKeyToken=null" name="AddTwoPositiveNumbersWithManyExamples_MoreThan100_1000" />
    </UnitTest>
    <UnitTest name="AddTwoPositiveNumbersWithManyExamples_MoreThan100_100" storage="specflowwithef.tests.dll" id="d2c44e60-178f-51e2-ac14-c78b3cde6f25">
      <Description>Add two positive numbers with many examples</Description>
      <Execution id="954b4f7c-df11-497e-ae70-a79e349ce9db" />
      <Properties>
        <Property>
          <Key>Parameter:number 2</Key>
          <Value>20</Value>
        </Property>
        <Property>
          <Key>Parameter:number 1</Key>
          <Value>100</Value>
        </Property>
        <Property>
          <Key>ExampleSetName</Key>
          <Value>more than 100</Value>
        </Property>
        <Property>
          <Key>VariantName</Key>
          <Value>100</Value>
        </Property>
        <Property>
          <Key>FeatureTitle</Key>
          <Value>Scenario outline</Value>
        </Property>
        <Property>
          <Key>Parameter:result</Key>
          <Value>120</Value>
        </Property>
      </Properties>
      <TestMethod codeBase="C:/Users/joeychen/Dropbox/skill tree 課程/201510 第四梯/lab/day3-lab-solution/lab12-Living Document/SpecFlowWithEf.Tests/bin/Debug/SpecFlowWithEf.Tests.dll" adapterTypeName="Microsoft.VisualStudio.TestTools.TestTypes.Unit.UnitTestAdapter, Microsoft.VisualStudio.QualityTools.Tips.UnitTest.Adapter, Version=12.0.0.0, Culture=neutral, PublicKeyToken=b03f5f7f11d50a3a" className="SpecFlowWithEf.Tests.Features._03ScenarioOutline.ScenarioOutlineFeature, SpecFlowWithEf.Tests, Version=1.0.0.0, Culture=neutral, PublicKeyToken=null" name="AddTwoPositiveNumbersWithManyExamples_MoreThan100_100" />
    </UnitTest>
    <UnitTest name="AddTwoNegativeNumbersWithManyExamples_LessThan100_Variant2" storage="specflowwithef.tests.dll" id="a6c6f66f-e304-dd07-d4fd-93c826200351">
      <Description>Add two negative numbers with many examples</Description>
      <Execution id="594d6c5c-6e99-45fc-81c6-dfef87472a2c" />
      <Properties>
        <Property>
          <Key>Parameter:number 1</Key>
          <Value>20</Value>
        </Property>
        <Property>
          <Key>Parameter:number 2</Key>
          <Value>30</Value>
        </Property>
        <Property>
          <Key>VariantName</Key>
          <Value>Variant 2</Value>
        </Property>
        <Property>
          <Key>Parameter:result</Key>
          <Value>50</Value>
        </Property>
        <Property>
          <Key>ExampleSetName</Key>
          <Value>less than 100</Value>
        </Property>
        <Property>
          <Key>FeatureTitle</Key>
          <Value>Scenario outline</Value>
        </Property>
      </Properties>
      <TestMethod codeBase="C:/Users/joeychen/Dropbox/skill tree 課程/201510 第四梯/lab/day3-lab-solution/lab12-Living Document/SpecFlowWithEf.Tests/bin/Debug/SpecFlowWithEf.Tests.dll" adapterTypeName="Microsoft.VisualStudio.TestTools.TestTypes.Unit.UnitTestAdapter, Microsoft.VisualStudio.QualityTools.Tips.UnitTest.Adapter, Version=12.0.0.0, Culture=neutral, PublicKeyToken=b03f5f7f11d50a3a" className="SpecFlowWithEf.Tests.Features._03ScenarioOutline.ScenarioOutlineFeature, SpecFlowWithEf.Tests, Version=1.0.0.0, Culture=neutral, PublicKeyToken=null" name="AddTwoNegativeNumbersWithManyExamples_LessThan100_Variant2" />
    </UnitTest>
    <UnitTest name="UsingTablesWithSpecFlowAssist" storage="specflowwithef.tests.dll" id="99db4fc7-aa07-6e09-92dd-e6de84a3dc7d">
      <Description>Using tables with SpecFlow Assist</Description>
      <Execution id="9aab93a4-0b22-437f-9a63-12488ebf2190" />
      <Properties>
        <Property>
          <Key>FeatureTitle</Key>
          <Value>Showing table usage</Value>
        </Property>
      </Properties>
      <TestMethod codeBase="C:/Users/joeychen/Dropbox/skill tree 課程/201510 第四梯/lab/day3-lab-solution/lab12-Living Document/SpecFlowWithEf.Tests/bin/Debug/SpecFlowWithEf.Tests.dll" adapterTypeName="Microsoft.VisualStudio.TestTools.TestTypes.Unit.UnitTestAdapter, Microsoft.VisualStudio.QualityTools.Tips.UnitTest.Adapter, Version=12.0.0.0, Culture=neutral, PublicKeyToken=b03f5f7f11d50a3a" className="SpecFlowWithEf.Tests.Features._05TablesAndAssist.ShowingTableUsageFeature, SpecFlowWithEf.Tests, Version=1.0.0.0, Culture=neutral, PublicKeyToken=null" name="UsingTablesWithSpecFlowAssist" />
    </UnitTest>
    <UnitTest name="Add1ToTheSum" storage="specflowwithef.tests.dll" id="242556f0-3c2b-eebb-4b4e-00147af06a7a">
      <Description>Add 1 to the sum</Description>
      <Execution id="9e99a067-25d6-4e12-903c-34f65b4183f9" />
      <Properties>
        <Property>
          <Key>FeatureTitle</Key>
          <Value>Show the use of background</Value>
        </Property>
      </Properties>
      <TestMethod codeBase="C:/Users/joeychen/Dropbox/skill tree 課程/201510 第四梯/lab/day3-lab-solution/lab12-Living Document/SpecFlowWithEf.Tests/bin/Debug/SpecFlowWithEf.Tests.dll" adapterTypeName="Microsoft.VisualStudio.TestTools.TestTypes.Unit.UnitTestAdapter, Microsoft.VisualStudio.QualityTools.Tips.UnitTest.Adapter, Version=12.0.0.0, Culture=neutral, PublicKeyToken=b03f5f7f11d50a3a" className="SpecFlowWithEf.Tests.Features._04Background.ShowTheUseOfBackgroundFeature, SpecFlowWithEf.Tests, Version=1.0.0.0, Culture=neutral, PublicKeyToken=null" name="Add1ToTheSum" />
    </UnitTest>
    <UnitTest name="UsingTables" storage="specflowwithef.tests.dll" id="8e8eb3fe-3f3f-d90e-5ee9-cb0286bda458">
      <Description>Using tables</Description>
      <Execution id="7d3c64f5-7d11-492f-86cd-2fc048fb97f0" />
      <Properties>
        <Property>
          <Key>FeatureTitle</Key>
          <Value>Showing table usage</Value>
        </Property>
      </Properties>
      <TestMethod codeBase="C:/Users/joeychen/Dropbox/skill tree 課程/201510 第四梯/lab/day3-lab-solution/lab12-Living Document/SpecFlowWithEf.Tests/bin/Debug/SpecFlowWithEf.Tests.dll" adapterTypeName="Microsoft.VisualStudio.TestTools.TestTypes.Unit.UnitTestAdapter, Microsoft.VisualStudio.QualityTools.Tips.UnitTest.Adapter, Version=12.0.0.0, Culture=neutral, PublicKeyToken=b03f5f7f11d50a3a" className="SpecFlowWithEf.Tests.Features._05TablesAndAssist.ShowingTableUsageFeature, SpecFlowWithEf.Tests, Version=1.0.0.0, Culture=neutral, PublicKeyToken=null" name="UsingTables" />
    </UnitTest>
    <UnitTest name="Add2ToTheSum" storage="specflowwithef.tests.dll" id="4b275d82-7313-672c-a63b-30b24f8c011d">
      <Description>Add 2 to the sum</Description>
      <Execution id="6eae6441-f07c-4eb1-a795-e71417a75f58" />
      <Properties>
        <Property>
          <Key>FeatureTitle</Key>
          <Value>Show the use of background</Value>
        </Property>
      </Properties>
      <TestMethod codeBase="C:/Users/joeychen/Dropbox/skill tree 課程/201510 第四梯/lab/day3-lab-solution/lab12-Living Document/SpecFlowWithEf.Tests/bin/Debug/SpecFlowWithEf.Tests.dll" adapterTypeName="Microsoft.VisualStudio.TestTools.TestTypes.Unit.UnitTestAdapter, Microsoft.VisualStudio.QualityTools.Tips.UnitTest.Adapter, Version=12.0.0.0, Culture=neutral, PublicKeyToken=b03f5f7f11d50a3a" className="SpecFlowWithEf.Tests.Features._04Background.ShowTheUseOfBackgroundFeature, SpecFlowWithEf.Tests, Version=1.0.0.0, Culture=neutral, PublicKeyToken=null" name="Add2ToTheSum" />
    </UnitTest>
    <UnitTest name="AddTwoNegativeNumbersWithManyExamples_MoreThan100_100" storage="specflowwithef.tests.dll" id="f03e835e-223e-1332-3673-a4d6b58dd517">
      <Description>Add two negative numbers with many examples</Description>
      <Execution id="0bb655f2-6660-4b97-8d90-35060e41b42e" />
      <Properties>
        <Property>
          <Key>Parameter:number 2</Key>
          <Value>20</Value>
        </Property>
        <Property>
          <Key>Parameter:number 1</Key>
          <Value>100</Value>
        </Property>
        <Property>
          <Key>ExampleSetName</Key>
          <Value>more than 100</Value>
        </Property>
        <Property>
          <Key>VariantName</Key>
          <Value>100</Value>
        </Property>
        <Property>
          <Key>FeatureTitle</Key>
          <Value>Scenario outline</Value>
        </Property>
        <Property>
          <Key>Parameter:result</Key>
          <Value>120</Value>
        </Property>
      </Properties>
      <TestMethod codeBase="C:/Users/joeychen/Dropbox/skill tree 課程/201510 第四梯/lab/day3-lab-solution/lab12-Living Document/SpecFlowWithEf.Tests/bin/Debug/SpecFlowWithEf.Tests.dll" adapterTypeName="Microsoft.VisualStudio.TestTools.TestTypes.Unit.UnitTestAdapter, Microsoft.VisualStudio.QualityTools.Tips.UnitTest.Adapter, Version=12.0.0.0, Culture=neutral, PublicKeyToken=b03f5f7f11d50a3a" className="SpecFlowWithEf.Tests.Features._03ScenarioOutline.ScenarioOutlineFeature, SpecFlowWithEf.Tests, Version=1.0.0.0, Culture=neutral, PublicKeyToken=null" name="AddTwoNegativeNumbersWithManyExamples_MoreThan100_100" />
    </UnitTest>
    <UnitTest name="ShowTheTypeOfStepWeReCurrentlyOn" storage="specflowwithef.tests.dll" id="93266cf1-4b76-db8a-5759-b9c85ba1c1a8">
      <Description>Show the type of step we're currently on</Description>
      <Execution id="724fc864-aea3-4cb9-8546-c19566cf1bda" />
      <Properties>
        <Property>
          <Key>FeatureTitle</Key>
          <Value>Scenario Context features</Value>
        </Property>
      </Properties>
      <TestMethod codeBase="C:/Users/joeychen/Dropbox/skill tree 課程/201510 第四梯/lab/day3-lab-solution/lab12-Living Document/SpecFlowWithEf.Tests/bin/Debug/SpecFlowWithEf.Tests.dll" adapterTypeName="Microsoft.VisualStudio.TestTools.TestTypes.Unit.UnitTestAdapter, Microsoft.VisualStudio.QualityTools.Tips.UnitTest.Adapter, Version=12.0.0.0, Culture=neutral, PublicKeyToken=b03f5f7f11d50a3a" className="SpecFlowWithEf.Tests.Features._031ScenarioContext.ScenarioContextFeaturesFeature, SpecFlowWithEf.Tests, Version=1.0.0.0, Culture=neutral, PublicKeyToken=null" name="ShowTheTypeOfStepWeReCurrentlyOn" />
    </UnitTest>
    <UnitTest name="HookingIntoPreConditionsForTestRunsInSpecFlow" storage="specflowwithef.tests.dll" id="3760e8dc-f401-9f2e-3fbb-de1fc16523d0">
      <Description>Hooking into pre conditions for Test Runs in SpecFlow</Description>
      <Execution id="b44399cc-5779-44b4-ae5e-b37af6ee704e" />
      <Properties>
        <Property>
          <Key>FeatureTitle</Key>
          <Value>Addition</Value>
        </Property>
      </Properties>
      <TestMethod codeBase="C:/Users/joeychen/Dropbox/skill tree 課程/201510 第四梯/lab/day3-lab-solution/lab12-Living Document/SpecFlowWithEf.Tests/bin/Debug/SpecFlowWithEf.Tests.dll" adapterTypeName="Microsoft.VisualStudio.TestTools.TestTypes.Unit.UnitTestAdapter, Microsoft.VisualStudio.QualityTools.Tips.UnitTest.Adapter, Version=12.0.0.0, Culture=neutral, PublicKeyToken=b03f5f7f11d50a3a" className="SpecFlowWithEf.Tests.Features._02TagsAndHooks.AdditionFeature, SpecFlowWithEf.Tests, Version=1.0.0.0, Culture=neutral, PublicKeyToken=null" name="HookingIntoPreConditionsForTestRunsInSpecFlow" />
    </UnitTest>
    <UnitTest name="CheckingNumberForEvenness" storage="specflowwithef.tests.dll" id="e0a8228a-559f-1ed3-2153-ad708ca9e022">
      <Description>Checking number for evenness</Description>
      <Execution id="26221be2-5956-4153-b8c8-37a5df1cfea3" />
      <Properties>
        <Property>
          <Key>FeatureTitle</Key>
          <Value>Attribute overloading</Value>
        </Property>
      </Properties>
      <TestMethod codeBase="C:/Users/joeychen/Dropbox/skill tree 課程/201510 第四梯/lab/day3-lab-solution/lab12-Living Document/SpecFlowWithEf.Tests/bin/Debug/SpecFlowWithEf.Tests.dll" adapterTypeName="Microsoft.VisualStudio.TestTools.TestTypes.Unit.UnitTestAdapter, Microsoft.VisualStudio.QualityTools.Tips.UnitTest.Adapter, Version=12.0.0.0, Culture=neutral, PublicKeyToken=b03f5f7f11d50a3a" className="SpecFlowWithEf.Tests.Features._08AttributeOverloading.AttributeOverloadingFeature, SpecFlowWithEf.Tests, Version=1.0.0.0, Culture=neutral, PublicKeyToken=null" name="CheckingNumberForEvenness" />
    </UnitTest>
    <UnitTest name="SampleMarkdownScenarioOutlineExample_Value" storage="specflowwithef.tests.dll" id="2fe03437-aed7-6f93-2bca-8bd403ab6807">
      <Description>Sample Markdown Scenario Outline Example</Description>
      <TestCategory>
        <TestCategoryItem TestCategory="AddingATag" />
      </TestCategory>
      <Execution id="211e5b86-7e6b-4f5b-9bb6-95b5b596e7db" />
      <Properties>
        <Property>
          <Key>FeatureTitle</Key>
          <Value>Sample Markdown Feature</Value>
        </Property>
        <Property>
          <Key>VariantName</Key>
          <Value>value</Value>
        </Property>
        <Property>
          <Key>Parameter:test2</Key>
          <Value>value2</Value>
        </Property>
        <Property>
          <Key>Parameter:test</Key>
          <Value>value</Value>
        </Property>
      </Properties>
      <TestMethod codeBase="C:/Users/joeychen/Dropbox/skill tree 課程/201510 第四梯/lab/day3-lab-solution/lab12-Living Document/SpecFlowWithEf.Tests/bin/Debug/SpecFlowWithEf.Tests.dll" adapterTypeName="Microsoft.VisualStudio.TestTools.TestTypes.Unit.UnitTestAdapter, Microsoft.VisualStudio.QualityTools.Tips.UnitTest.Adapter, Version=12.0.0.0, Culture=neutral, PublicKeyToken=b03f5f7f11d50a3a" className="SpecFlowWithEf.Tests.Features._14MarkdownExample.SampleMarkdownFeatureFeature, SpecFlowWithEf.Tests, Version=1.0.0.0, Culture=neutral, PublicKeyToken=null" name="SampleMarkdownScenarioOutlineExample_Value" />
    </UnitTest>
    <UnitTest name="SubtractTwoNumbers" storage="specflowwithef.tests.dll" id="a6d320e7-2596-0a53-040b-2968bf247b96">
      <Description>Subtract two numbers</Description>
      <TestCategory>
        <TestCategoryItem TestCategory="arithmetic" />
        <TestCategoryItem TestCategory="fast" />
      </TestCategory>
      <Execution id="1fd790ab-fc1b-400c-9f88-1f5351ccc2e2" />
      <Properties>
        <Property>
          <Key>FeatureTitle</Key>
          <Value>Arithmetic</Value>
        </Property>
      </Properties>
      <TestMethod codeBase="C:/Users/joeychen/Dropbox/skill tree 課程/201510 第四梯/lab/day3-lab-solution/lab12-Living Document/SpecFlowWithEf.Tests/bin/Debug/SpecFlowWithEf.Tests.dll" adapterTypeName="Microsoft.VisualStudio.TestTools.TestTypes.Unit.UnitTestAdapter, Microsoft.VisualStudio.QualityTools.Tips.UnitTest.Adapter, Version=12.0.0.0, Culture=neutral, PublicKeyToken=b03f5f7f11d50a3a" className="SpecFlowWithEf.Tests.Features.ArithmeticFeature, SpecFlowWithEf.Tests, Version=1.0.0.0, Culture=neutral, PublicKeyToken=null" name="SubtractTwoNumbers" />
    </UnitTest>
    <UnitTest name="依據姓名訂單日期起的條件查出顧客的訂單" storage="specflowwithef.tests.dll" id="9ef2b9e7-687b-d98f-d478-0d14a0b8fcb1">
      <Description>依據姓名、訂單日期起的條件，查出顧客的訂單</Description>
      <Execution id="909f2fa8-bfd6-47a8-94bf-7c2868ee6fa2" />
      <Properties>
        <Property>
          <Key>FeatureTitle</Key>
          <Value>OrderQuery</Value>
        </Property>
      </Properties>
      <TestMethod codeBase="C:/Users/joeychen/Dropbox/skill tree 課程/201510 第四梯/lab/day3-lab-solution/lab12-Living Document/SpecFlowWithEf.Tests/bin/Debug/SpecFlowWithEf.Tests.dll" adapterTypeName="Microsoft.VisualStudio.TestTools.TestTypes.Unit.UnitTestAdapter, Microsoft.VisualStudio.QualityTools.Tips.UnitTest.Adapter, Version=12.0.0.0, Culture=neutral, PublicKeyToken=b03f5f7f11d50a3a" className="SpecFlowWithEf.Tests.Features.OrderQueryFeature, SpecFlowWithEf.Tests, Version=1.0.0.0, Culture=neutral, PublicKeyToken=null" name="依據姓名訂單日期起的條件查出顧客的訂單" />
    </UnitTest>
    <UnitTest name="StoreAndRetrivePersonMarcusFromFeatureContextCurrent" storage="specflowwithef.tests.dll" id="3d338561-a2c3-c33e-a0f9-4aaa6e98e3c0">
      <Description>Store and retrive Person Marcus from FeatureContext Current</Description>
      <TestCategory>
        <TestCategoryItem TestCategory="andThisToo" />
        <TestCategoryItem TestCategory="showUpInScenarioInfo" />
      </TestCategory>
      <Execution id="0d6c166d-90a2-4975-9ef1-e0901c3c005d" />
      <Properties>
        <Property>
          <Key>FeatureTitle</Key>
          <Value>FeatureContext features</Value>
        </Property>
      </Properties>
      <TestMethod codeBase="C:/Users/joeychen/Dropbox/skill tree 課程/201510 第四梯/lab/day3-lab-solution/lab12-Living Document/SpecFlowWithEf.Tests/bin/Debug/SpecFlowWithEf.Tests.dll" adapterTypeName="Microsoft.VisualStudio.TestTools.TestTypes.Unit.UnitTestAdapter, Microsoft.VisualStudio.QualityTools.Tips.UnitTest.Adapter, Version=12.0.0.0, Culture=neutral, PublicKeyToken=b03f5f7f11d50a3a" className="SpecFlowWithEf.Tests.Features._032FeatureContext.FeatureContextFeaturesFeature, SpecFlowWithEf.Tests, Version=1.0.0.0, Culture=neutral, PublicKeyToken=null" name="StoreAndRetrivePersonMarcusFromFeatureContextCurrent" />
    </UnitTest>
    <UnitTest name="PendingStep" storage="specflowwithef.tests.dll" id="63468769-739d-55fc-4132-7b83be7d7109">
      <Description>Pending step</Description>
      <Execution id="0a9a43b1-f341-4911-a933-a12f9302363f" />
      <Properties>
        <Property>
          <Key>FeatureTitle</Key>
          <Value>Scenario Context features</Value>
        </Property>
      </Properties>
      <TestMethod codeBase="C:/Users/joeychen/Dropbox/skill tree 課程/201510 第四梯/lab/day3-lab-solution/lab12-Living Document/SpecFlowWithEf.Tests/bin/Debug/SpecFlowWithEf.Tests.dll" adapterTypeName="Microsoft.VisualStudio.TestTools.TestTypes.Unit.UnitTestAdapter, Microsoft.VisualStudio.QualityTools.Tips.UnitTest.Adapter, Version=12.0.0.0, Culture=neutral, PublicKeyToken=b03f5f7f11d50a3a" className="SpecFlowWithEf.Tests.Features._031ScenarioContext.ScenarioContextFeaturesFeature, SpecFlowWithEf.Tests, Version=1.0.0.0, Culture=neutral, PublicKeyToken=null" name="PendingStep" />
    </UnitTest>
    <UnitTest name="LogIn" storage="specflowwithef.tests.dll" id="a398b24c-b33b-440e-df36-e91b54ad8f4b">
      <Description>Log in</Description>
      <Execution id="fe9d0a1a-2a91-4342-ba11-1cb97c6ce833" />
      <Properties>
        <Property>
          <Key>FeatureTitle</Key>
          <Value>Calling Steps from StepDefinitions</Value>
        </Property>
      </Properties>
      <TestMethod codeBase="C:/Users/joeychen/Dropbox/skill tree 課程/201510 第四梯/lab/day3-lab-solution/lab12-Living Document/SpecFlowWithEf.Tests/bin/Debug/SpecFlowWithEf.Tests.dll" adapterTypeName="Microsoft.VisualStudio.TestTools.TestTypes.Unit.UnitTestAdapter, Microsoft.VisualStudio.QualityTools.Tips.UnitTest.Adapter, Version=12.0.0.0, Culture=neutral, PublicKeyToken=b03f5f7f11d50a3a" className="SpecFlowWithEf.Tests.Features._09CallingStepsFromSteps.CallingStepsFromStepDefinitionsFeature, SpecFlowWithEf.Tests, Version=1.0.0.0, Culture=neutral, PublicKeyToken=null" name="LogIn" />
    </UnitTest>
    <UnitTest name="StoreAndRetrivePersonMarcusFromScenarioContext" storage="specflowwithef.tests.dll" id="50d6f013-3a1c-4591-3a07-cfb38ba41423">
      <Description>Store and retrive Person Marcus from ScenarioContext</Description>
      <Execution id="e3be2df2-0aad-4e2d-86f9-d8644b6b9cfd" />
      <Properties>
        <Property>
          <Key>FeatureTitle</Key>
          <Value>Scenario Context features</Value>
        </Property>
      </Properties>
      <TestMethod codeBase="C:/Users/joeychen/Dropbox/skill tree 課程/201510 第四梯/lab/day3-lab-solution/lab12-Living Document/SpecFlowWithEf.Tests/bin/Debug/SpecFlowWithEf.Tests.dll" adapterTypeName="Microsoft.VisualStudio.TestTools.TestTypes.Unit.UnitTestAdapter, Microsoft.VisualStudio.QualityTools.Tips.UnitTest.Adapter, Version=12.0.0.0, Culture=neutral, PublicKeyToken=b03f5f7f11d50a3a" className="SpecFlowWithEf.Tests.Features._031ScenarioContext.ScenarioContextFeaturesFeature, SpecFlowWithEf.Tests, Version=1.0.0.0, Culture=neutral, PublicKeyToken=null" name="StoreAndRetrivePersonMarcusFromScenarioContext" />
    </UnitTest>
    <UnitTest name="AddTwoPositiveNumbersWithManyExamples_LessThan100_Variant1" storage="specflowwithef.tests.dll" id="da629640-7213-aa75-cfed-49d82d9222b0">
      <Description>Add two positive numbers with many examples</Description>
      <Execution id="e2e061ab-272a-4297-b492-33f4b05f23e8" />
      <Properties>
        <Property>
          <Key>Parameter:number 2</Key>
          <Value>20</Value>
        </Property>
        <Property>
          <Key>Parameter:number 1</Key>
          <Value>20</Value>
        </Property>
        <Property>
          <Key>ExampleSetName</Key>
          <Value>less than 100</Value>
        </Property>
        <Property>
          <Key>VariantName</Key>
          <Value>Variant 1</Value>
        </Property>
        <Property>
          <Key>FeatureTitle</Key>
          <Value>Scenario outline</Value>
        </Property>
        <Property>
          <Key>Parameter:result</Key>
          <Value>40</Value>
        </Property>
      </Properties>
      <TestMethod codeBase="C:/Users/joeychen/Dropbox/skill tree 課程/201510 第四梯/lab/day3-lab-solution/lab12-Living Document/SpecFlowWithEf.Tests/bin/Debug/SpecFlowWithEf.Tests.dll" adapterTypeName="Microsoft.VisualStudio.TestTools.TestTypes.Unit.UnitTestAdapter, Microsoft.VisualStudio.QualityTools.Tips.UnitTest.Adapter, Version=12.0.0.0, Culture=neutral, PublicKeyToken=b03f5f7f11d50a3a" className="SpecFlowWithEf.Tests.Features._03ScenarioOutline.ScenarioOutlineFeature, SpecFlowWithEf.Tests, Version=1.0.0.0, Culture=neutral, PublicKeyToken=null" name="AddTwoPositiveNumbersWithManyExamples_LessThan100_Variant1" />
    </UnitTest>
    <UnitTest name="Tangent" storage="specflowwithef.tests.dll" id="8c2db212-f1a5-7d15-c14f-75b017719c29">
      <Description>Tangent</Description>
      <TestCategory>
        <TestCategoryItem TestCategory="trigonometric" />
        <TestCategoryItem TestCategory="fast" />
      </TestCategory>
      <Execution id="a0ac1d15-2997-4939-bfff-a800d21eccfd" />
      <Properties>
        <Property>
          <Key>FeatureTitle</Key>
          <Value>Trigonometry</Value>
        </Property>
      </Properties>
      <TestMethod codeBase="C:/Users/joeychen/Dropbox/skill tree 課程/201510 第四梯/lab/day3-lab-solution/lab12-Living Document/SpecFlowWithEf.Tests/bin/Debug/SpecFlowWithEf.Tests.dll" adapterTypeName="Microsoft.VisualStudio.TestTools.TestTypes.Unit.UnitTestAdapter, Microsoft.VisualStudio.QualityTools.Tips.UnitTest.Adapter, Version=12.0.0.0, Culture=neutral, PublicKeyToken=b03f5f7f11d50a3a" className="SpecFlowWithEf.Tests.Features.TrigonometryFeature, SpecFlowWithEf.Tests, Version=1.0.0.0, Culture=neutral, PublicKeyToken=null" name="Tangent" />
    </UnitTest>
    <UnitTest name="DivideTwoNumbers" storage="specflowwithef.tests.dll" id="f55c1c9d-9143-dfd3-930d-8aed0cb66071">
      <Description>Divide two numbers</Description>
      <TestCategory>
        <TestCategoryItem TestCategory="arithmetic" />
        <TestCategoryItem TestCategory="fast" />
      </TestCategory>
      <Execution id="c2e9d448-ae9d-4588-a76a-e82e8817a17b" />
      <Properties>
        <Property>
          <Key>FeatureTitle</Key>
          <Value>Arithmetic</Value>
        </Property>
      </Properties>
      <TestMethod codeBase="C:/Users/joeychen/Dropbox/skill tree 課程/201510 第四梯/lab/day3-lab-solution/lab12-Living Document/SpecFlowWithEf.Tests/bin/Debug/SpecFlowWithEf.Tests.dll" adapterTypeName="Microsoft.VisualStudio.TestTools.TestTypes.Unit.UnitTestAdapter, Microsoft.VisualStudio.QualityTools.Tips.UnitTest.Adapter, Version=12.0.0.0, Culture=neutral, PublicKeyToken=b03f5f7f11d50a3a" className="SpecFlowWithEf.Tests.Features.ArithmeticFeature, SpecFlowWithEf.Tests, Version=1.0.0.0, Culture=neutral, PublicKeyToken=null" name="DivideTwoNumbers" />
    </UnitTest>
    <UnitTest name="Cosine" storage="specflowwithef.tests.dll" id="692c0d07-86a5-0c01-4328-f20ea90fac30">
      <Description>Cosine</Description>
      <TestCategory>
        <TestCategoryItem TestCategory="trigonometric" />
        <TestCategoryItem TestCategory="fast" />
      </TestCategory>
      <Execution id="c4d351d7-3114-455f-8544-1db1d6e891c3" />
      <Properties>
        <Property>
          <Key>FeatureTitle</Key>
          <Value>Trigonometry</Value>
        </Property>
      </Properties>
      <TestMethod codeBase="C:/Users/joeychen/Dropbox/skill tree 課程/201510 第四梯/lab/day3-lab-solution/lab12-Living Document/SpecFlowWithEf.Tests/bin/Debug/SpecFlowWithEf.Tests.dll" adapterTypeName="Microsoft.VisualStudio.TestTools.TestTypes.Unit.UnitTestAdapter, Microsoft.VisualStudio.QualityTools.Tips.UnitTest.Adapter, Version=12.0.0.0, Culture=neutral, PublicKeyToken=b03f5f7f11d50a3a" className="SpecFlowWithEf.Tests.Features.TrigonometryFeature, SpecFlowWithEf.Tests, Version=1.0.0.0, Culture=neutral, PublicKeyToken=null" name="Cosine" />
    </UnitTest>
    <UnitTest name="SampleMarkdownScenarioExample" storage="specflowwithef.tests.dll" id="fb584dad-33a2-dfcd-3459-46e9018cfc09">
      <Description>Sample Markdown Scenario Example</Description>
      <Execution id="05444306-9bd2-4ab7-af16-a28841b292d1" />
      <Properties>
        <Property>
          <Key>FeatureTitle</Key>
          <Value>Sample Markdown Feature</Value>
        </Property>
      </Properties>
      <TestMethod codeBase="C:/Users/joeychen/Dropbox/skill tree 課程/201510 第四梯/lab/day3-lab-solution/lab12-Living Document/SpecFlowWithEf.Tests/bin/Debug/SpecFlowWithEf.Tests.dll" adapterTypeName="Microsoft.VisualStudio.TestTools.TestTypes.Unit.UnitTestAdapter, Microsoft.VisualStudio.QualityTools.Tips.UnitTest.Adapter, Version=12.0.0.0, Culture=neutral, PublicKeyToken=b03f5f7f11d50a3a" className="SpecFlowWithEf.Tests.Features._14MarkdownExample.SampleMarkdownFeatureFeature, SpecFlowWithEf.Tests, Version=1.0.0.0, Culture=neutral, PublicKeyToken=null" name="SampleMarkdownScenarioExample" />
    </UnitTest>
    <UnitTest name="AScenarioWith1Tag" storage="specflowwithef.tests.dll" id="b68313b8-44fe-7c96-acc1-84aee1e31392">
      <Description>A scenario with 1 tag</Description>
      <TestCategory>
        <TestCategoryItem TestCategory="allAboutTags" />
        <TestCategoryItem TestCategory="testTag1" />
        <TestCategoryItem TestCategory="important" />
      </TestCategory>
      <Execution id="a8624169-7d8c-4dbf-8d6f-4b10ba86a5a9" />
      <Properties>
        <Property>
          <Key>FeatureTitle</Key>
          <Value>Tag demonstrator</Value>
        </Property>
      </Properties>
      <TestMethod codeBase="C:/Users/joeychen/Dropbox/skill tree 課程/201510 第四梯/lab/day3-lab-solution/lab12-Living Document/SpecFlowWithEf.Tests/bin/Debug/SpecFlowWithEf.Tests.dll" adapterTypeName="Microsoft.VisualStudio.TestTools.TestTypes.Unit.UnitTestAdapter, Microsoft.VisualStudio.QualityTools.Tips.UnitTest.Adapter, Version=12.0.0.0, Culture=neutral, PublicKeyToken=b03f5f7f11d50a3a" className="SpecFlowWithEf.Tests.Features._02TagsAndHooks.TagDemonstratorFeature, SpecFlowWithEf.Tests, Version=1.0.0.0, Culture=neutral, PublicKeyToken=null" name="AScenarioWith1Tag" />
    </UnitTest>
    <UnitTest name="Sine" storage="specflowwithef.tests.dll" id="79dc898b-b126-08b0-d8c8-d3f836a7f12c">
      <Description>Sine</Description>
      <TestCategory>
        <TestCategoryItem TestCategory="trigonometric" />
        <TestCategoryItem TestCategory="fast" />
      </TestCategory>
      <Execution id="885096a6-d73a-4415-b361-0ab722b9e838" />
      <Properties>
        <Property>
          <Key>FeatureTitle</Key>
          <Value>Trigonometry</Value>
        </Property>
      </Properties>
      <TestMethod codeBase="C:/Users/joeychen/Dropbox/skill tree 課程/201510 第四梯/lab/day3-lab-solution/lab12-Living Document/SpecFlowWithEf.Tests/bin/Debug/SpecFlowWithEf.Tests.dll" adapterTypeName="Microsoft.VisualStudio.TestTools.TestTypes.Unit.UnitTestAdapter, Microsoft.VisualStudio.QualityTools.Tips.UnitTest.Adapter, Version=12.0.0.0, Culture=neutral, PublicKeyToken=b03f5f7f11d50a3a" className="SpecFlowWithEf.Tests.Features.TrigonometryFeature, SpecFlowWithEf.Tests, Version=1.0.0.0, Culture=neutral, PublicKeyToken=null" name="Sine" />
    </UnitTest>
    <UnitTest name="ExampleOfAWideTable" storage="specflowwithef.tests.dll" id="789c654a-7526-7f3b-772f-899479e6cf9e">
      <Description>Example of a wide table</Description>
      <Execution id="cdb2e107-a663-4f04-88d8-500657b64c9c" />
      <Properties>
        <Property>
          <Key>FeatureTitle</Key>
          <Value>Showing table usage</Value>
        </Property>
      </Properties>
      <TestMethod codeBase="C:/Users/joeychen/Dropbox/skill tree 課程/201510 第四梯/lab/day3-lab-solution/lab12-Living Document/SpecFlowWithEf.Tests/bin/Debug/SpecFlowWithEf.Tests.dll" adapterTypeName="Microsoft.VisualStudio.TestTools.TestTypes.Unit.UnitTestAdapter, Microsoft.VisualStudio.QualityTools.Tips.UnitTest.Adapter, Version=12.0.0.0, Culture=neutral, PublicKeyToken=b03f5f7f11d50a3a" className="SpecFlowWithEf.Tests.Features._05TablesAndAssist.ShowingTableUsageFeature, SpecFlowWithEf.Tests, Version=1.0.0.0, Culture=neutral, PublicKeyToken=null" name="ExampleOfAWideTable" />
    </UnitTest>
    <UnitTest name="FeatureWithMultipleContexts" storage="specflowwithef.tests.dll" id="3d277fd3-faf8-4b8a-c115-f4d2ca70f1bb">
      <Description>Feature with multiple contexts</Description>
      <Execution id="abc9d635-8ce1-4619-96af-787bb4cf3a16" />
      <Properties>
        <Property>
          <Key>FeatureTitle</Key>
          <Value>Injecting context into step specifications</Value>
        </Property>
      </Properties>
      <TestMethod codeBase="C:/Users/joeychen/Dropbox/skill tree 課程/201510 第四梯/lab/day3-lab-solution/lab12-Living Document/SpecFlowWithEf.Tests/bin/Debug/SpecFlowWithEf.Tests.dll" adapterTypeName="Microsoft.VisualStudio.TestTools.TestTypes.Unit.UnitTestAdapter, Microsoft.VisualStudio.QualityTools.Tips.UnitTest.Adapter, Version=12.0.0.0, Culture=neutral, PublicKeyToken=b03f5f7f11d50a3a" className="SpecFlowWithEf.Tests.Features._11ContextInjection.InjectingContextIntoStepSpecificationsFeature, SpecFlowWithEf.Tests, Version=1.0.0.0, Culture=neutral, PublicKeyToken=null" name="FeatureWithMultipleContexts" />
    </UnitTest>
    <UnitTest name="AScenarioWithoutTags" storage="specflowwithef.tests.dll" id="e9956b2d-115f-8b99-5b29-ec03f2460b59">
      <Description>A scenario without tags</Description>
      <TestCategory>
        <TestCategoryItem TestCategory="important" />
        <TestCategoryItem TestCategory="allAboutTags" />
      </TestCategory>
      <Execution id="362cd64b-a2c8-47fa-a207-bf14b8880255" />
      <Properties>
        <Property>
          <Key>FeatureTitle</Key>
          <Value>Tag demonstrator</Value>
        </Property>
      </Properties>
      <TestMethod codeBase="C:/Users/joeychen/Dropbox/skill tree 課程/201510 第四梯/lab/day3-lab-solution/lab12-Living Document/SpecFlowWithEf.Tests/bin/Debug/SpecFlowWithEf.Tests.dll" adapterTypeName="Microsoft.VisualStudio.TestTools.TestTypes.Unit.UnitTestAdapter, Microsoft.VisualStudio.QualityTools.Tips.UnitTest.Adapter, Version=12.0.0.0, Culture=neutral, PublicKeyToken=b03f5f7f11d50a3a" className="SpecFlowWithEf.Tests.Features._02TagsAndHooks.TagDemonstratorFeature, SpecFlowWithEf.Tests, Version=1.0.0.0, Culture=neutral, PublicKeyToken=null" name="AScenarioWithoutTags" />
    </UnitTest>
    <UnitTest name="ShowingInformationOfTheScenario" storage="specflowwithef.tests.dll" id="3bfffa52-bdd6-dcaf-db7d-ed49765bbd0d">
      <Description>Showing information of the scenario</Description>
      <TestCategory>
        <TestCategoryItem TestCategory="andThisToo" />
        <TestCategoryItem TestCategory="showUpInScenarioInfo" />
      </TestCategory>
      <Execution id="db6d3fd9-e301-4653-9c4d-16520cfdf465" />
      <Properties>
        <Property>
          <Key>FeatureTitle</Key>
          <Value>Scenario Context features</Value>
        </Property>
      </Properties>
      <TestMethod codeBase="C:/Users/joeychen/Dropbox/skill tree 課程/201510 第四梯/lab/day3-lab-solution/lab12-Living Document/SpecFlowWithEf.Tests/bin/Debug/SpecFlowWithEf.Tests.dll" adapterTypeName="Microsoft.VisualStudio.TestTools.TestTypes.Unit.UnitTestAdapter, Microsoft.VisualStudio.QualityTools.Tips.UnitTest.Adapter, Version=12.0.0.0, Culture=neutral, PublicKeyToken=b03f5f7f11d50a3a" className="SpecFlowWithEf.Tests.Features._031ScenarioContext.ScenarioContextFeaturesFeature, SpecFlowWithEf.Tests, Version=1.0.0.0, Culture=neutral, PublicKeyToken=null" name="ShowingInformationOfTheScenario" />
    </UnitTest>
    <UnitTest name="依據姓名訂單日期起訂單日期迄條件查出顧客的訂單" storage="specflowwithef.tests.dll" id="40d16aa0-0970-a41c-fa88-b5585f03c35e">
      <Description>依據姓名、訂單日期起、訂單日期迄條件，查出顧客的訂單</Description>
      <Execution id="987be41e-00ee-4596-b0c8-2bf1ed31036e" />
      <Properties>
        <Property>
          <Key>FeatureTitle</Key>
          <Value>OrderQuery</Value>
        </Property>
      </Properties>
      <TestMethod codeBase="C:/Users/joeychen/Dropbox/skill tree 課程/201510 第四梯/lab/day3-lab-solution/lab12-Living Document/SpecFlowWithEf.Tests/bin/Debug/SpecFlowWithEf.Tests.dll" adapterTypeName="Microsoft.VisualStudio.TestTools.TestTypes.Unit.UnitTestAdapter, Microsoft.VisualStudio.QualityTools.Tips.UnitTest.Adapter, Version=12.0.0.0, Culture=neutral, PublicKeyToken=b03f5f7f11d50a3a" className="SpecFlowWithEf.Tests.Features.OrderQueryFeature, SpecFlowWithEf.Tests, Version=1.0.0.0, Culture=neutral, PublicKeyToken=null" name="依據姓名訂單日期起訂單日期迄條件查出顧客的訂單" />
    </UnitTest>
    <UnitTest name="AScenarioWith3Tags" storage="specflowwithef.tests.dll" id="57557adc-2e16-d2b3-9553-973faf95f1f3">
      <Description>A scenario with 3 tags</Description>
      <TestCategory>
        <TestCategoryItem TestCategory="testTag3" />
        <TestCategoryItem TestCategory="testTag1" />
        <TestCategoryItem TestCategory="testTag2" />
        <TestCategoryItem TestCategory="important" />
        <TestCategoryItem TestCategory="allAboutTags" />
      </TestCategory>
      <Execution id="7489c069-b674-4679-9ef2-923c0cda1a55" />
      <Properties>
        <Property>
          <Key>FeatureTitle</Key>
          <Value>Tag demonstrator</Value>
        </Property>
      </Properties>
      <TestMethod codeBase="C:/Users/joeychen/Dropbox/skill tree 課程/201510 第四梯/lab/day3-lab-solution/lab12-Living Document/SpecFlowWithEf.Tests/bin/Debug/SpecFlowWithEf.Tests.dll" adapterTypeName="Microsoft.VisualStudio.TestTools.TestTypes.Unit.UnitTestAdapter, Microsoft.VisualStudio.QualityTools.Tips.UnitTest.Adapter, Version=12.0.0.0, Culture=neutral, PublicKeyToken=b03f5f7f11d50a3a" className="SpecFlowWithEf.Tests.Features._02TagsAndHooks.TagDemonstratorFeature, SpecFlowWithEf.Tests, Version=1.0.0.0, Culture=neutral, PublicKeyToken=null" name="AScenarioWith3Tags" />
    </UnitTest>
    <UnitTest name="Nested_AddTwoNumbers" storage="specflowwithef.tests.dll" id="8135294b-15b3-60e1-9f7a-4d7bee3f448a">
      <Description>Nested - Add two numbers</Description>
      <TestCategory>
        <TestCategoryItem TestCategory="nestedFolders" />
      </TestCategory>
      <Execution id="2ef95ef1-eefd-4fed-be70-270cff98c778" />
      <Properties>
        <Property>
          <Key>FeatureTitle</Key>
          <Value>Nested Folder Example</Value>
        </Property>
      </Properties>
      <TestMethod codeBase="C:/Users/joeychen/Dropbox/skill tree 課程/201510 第四梯/lab/day3-lab-solution/lab12-Living Document/SpecFlowWithEf.Tests/bin/Debug/SpecFlowWithEf.Tests.dll" adapterTypeName="Microsoft.VisualStudio.TestTools.TestTypes.Unit.UnitTestAdapter, Microsoft.VisualStudio.QualityTools.Tips.UnitTest.Adapter, Version=12.0.0.0, Culture=neutral, PublicKeyToken=b03f5f7f11d50a3a" className="SpecFlowWithEf.Tests.Features._12NestedFolders.ChildFolder.ChildChildFolder.NestedFolderExampleFeature, SpecFlowWithEf.Tests, Version=1.0.0.0, Culture=neutral, PublicKeyToken=null" name="Nested_AddTwoNumbers" />
    </UnitTest>
    <UnitTest name="HookingIntoPreConditionsForScenariosInSpecFlow" storage="specflowwithef.tests.dll" id="64dbb63e-3428-a393-5900-807ee2bb2513">
      <Description>Hooking into pre conditions for Scenarios in SpecFlow</Description>
      <Execution id="6f2020c5-4138-4e64-a4d9-925a7d887acd" />
      <Properties>
        <Property>
          <Key>FeatureTitle</Key>
          <Value>Addition</Value>
        </Property>
      </Properties>
      <TestMethod codeBase="C:/Users/joeychen/Dropbox/skill tree 課程/201510 第四梯/lab/day3-lab-solution/lab12-Living Document/SpecFlowWithEf.Tests/bin/Debug/SpecFlowWithEf.Tests.dll" adapterTypeName="Microsoft.VisualStudio.TestTools.TestTypes.Unit.UnitTestAdapter, Microsoft.VisualStudio.QualityTools.Tips.UnitTest.Adapter, Version=12.0.0.0, Culture=neutral, PublicKeyToken=b03f5f7f11d50a3a" className="SpecFlowWithEf.Tests.Features._02TagsAndHooks.AdditionFeature, SpecFlowWithEf.Tests, Version=1.0.0.0, Culture=neutral, PublicKeyToken=null" name="HookingIntoPreConditionsForScenariosInSpecFlow" />
    </UnitTest>
    <UnitTest name="AddTwoNumbers" storage="specflowwithef.tests.dll" id="7021b6a2-5d16-7f95-4d4f-ce4896024259">
      <Description>Add two numbers</Description>
      <TestCategory>
        <TestCategoryItem TestCategory="arithmetic" />
        <TestCategoryItem TestCategory="fast" />
      </TestCategory>
      <Execution id="82db1f5e-d4d6-4576-8fc3-d8f8ce7c87e3" />
      <Properties>
        <Property>
          <Key>FeatureTitle</Key>
          <Value>Arithmetic</Value>
        </Property>
      </Properties>
      <TestMethod codeBase="C:/Users/joeychen/Dropbox/skill tree 課程/201510 第四梯/lab/day3-lab-solution/lab12-Living Document/SpecFlowWithEf.Tests/bin/Debug/SpecFlowWithEf.Tests.dll" adapterTypeName="Microsoft.VisualStudio.TestTools.TestTypes.Unit.UnitTestAdapter, Microsoft.VisualStudio.QualityTools.Tips.UnitTest.Adapter, Version=12.0.0.0, Culture=neutral, PublicKeyToken=b03f5f7f11d50a3a" className="SpecFlowWithEf.Tests.Features.ArithmeticFeature, SpecFlowWithEf.Tests, Version=1.0.0.0, Culture=neutral, PublicKeyToken=null" name="AddTwoNumbers" />
    </UnitTest>
    <UnitTest name="DoSomethingMeaningful" storage="specflowwithef.tests.dll" id="2076d99b-91be-ac33-b66f-a679254b6240">
      <Description>Do something meaningful</Description>
      <Execution id="0b18891f-bc12-4285-8fed-3851c4fac22c" />
      <Properties>
        <Property>
          <Key>FeatureTitle</Key>
          <Value>Calling Steps from StepDefinitions</Value>
        </Property>
      </Properties>
      <TestMethod codeBase="C:/Users/joeychen/Dropbox/skill tree 課程/201510 第四梯/lab/day3-lab-solution/lab12-Living Document/SpecFlowWithEf.Tests/bin/Debug/SpecFlowWithEf.Tests.dll" adapterTypeName="Microsoft.VisualStudio.TestTools.TestTypes.Unit.UnitTestAdapter, Microsoft.VisualStudio.QualityTools.Tips.UnitTest.Adapter, Version=12.0.0.0, Culture=neutral, PublicKeyToken=b03f5f7f11d50a3a" className="SpecFlowWithEf.Tests.Features._09CallingStepsFromSteps.CallingStepsFromStepDefinitionsFeature, SpecFlowWithEf.Tests, Version=1.0.0.0, Culture=neutral, PublicKeyToken=null" name="DoSomethingMeaningful" />
    </UnitTest>
    <UnitTest name="ACoupleOfSimpleSteps" storage="specflowwithef.tests.dll" id="134d425b-1468-ebc7-f01c-2d96eb116f23">
      <Description>A couple of simple steps</Description>
      <Execution id="2ac16262-df07-4283-97d6-e9caef00846d" />
      <Properties>
        <Property>
          <Key>FeatureTitle</Key>
          <Value>The test runner is not (very) important</Value>
        </Property>
      </Properties>
      <TestMethod codeBase="C:/Users/joeychen/Dropbox/skill tree 課程/201510 第四梯/lab/day3-lab-solution/lab12-Living Document/SpecFlowWithEf.Tests/bin/Debug/SpecFlowWithEf.Tests.dll" adapterTypeName="Microsoft.VisualStudio.TestTools.TestTypes.Unit.UnitTestAdapter, Microsoft.VisualStudio.QualityTools.Tips.UnitTest.Adapter, Version=12.0.0.0, Culture=neutral, PublicKeyToken=b03f5f7f11d50a3a" className="SpecFlowWithEf.Tests.Features._01TestRunner.TheTestRunnerIsNotVeryImportantFeature, SpecFlowWithEf.Tests, Version=1.0.0.0, Culture=neutral, PublicKeyToken=null" name="ACoupleOfSimpleSteps" />
    </UnitTest>
    <UnitTest name="ScenarioWithLargeDataTable" storage="specflowwithef.tests.dll" id="b6262163-a9e4-5cef-a621-cf72819b91a2">
      <Description>Scenario with large data table</Description>
      <Execution id="53586ee3-a180-4c9f-a0d3-63b48d9fca3b" />
      <Properties>
        <Property>
          <Key>FeatureTitle</Key>
          <Value>Interactive DHTML View</Value>
        </Property>
      </Properties>
      <TestMethod codeBase="C:/Users/joeychen/Dropbox/skill tree 課程/201510 第四梯/lab/day3-lab-solution/lab12-Living Document/SpecFlowWithEf.Tests/bin/Debug/SpecFlowWithEf.Tests.dll" adapterTypeName="Microsoft.VisualStudio.TestTools.TestTypes.Unit.UnitTestAdapter, Microsoft.VisualStudio.QualityTools.Tips.UnitTest.Adapter, Version=12.0.0.0, Culture=neutral, PublicKeyToken=b03f5f7f11d50a3a" className="SpecFlowWithEf.Tests.Features._15Pickles.InteractiveDHTMLViewFeature, SpecFlowWithEf.Tests, Version=1.0.0.0, Culture=neutral, PublicKeyToken=null" name="ScenarioWithLargeDataTable" />
    </UnitTest>
    <UnitTest name="StepsWithNon_StringArguments" storage="specflowwithef.tests.dll" id="416376aa-6b4e-d71b-6e9d-30e5903109e5">
      <Description>Steps with non-string arguments</Description>
      <Execution id="2c7bf520-0611-4eca-9f6d-c228a66f3f20" />
      <Properties>
        <Property>
          <Key>FeatureTitle</Key>
          <Value>Step Argument Transformations</Value>
        </Property>
      </Properties>
      <TestMethod codeBase="C:/Users/joeychen/Dropbox/skill tree 課程/201510 第四梯/lab/day3-lab-solution/lab12-Living Document/SpecFlowWithEf.Tests/bin/Debug/SpecFlowWithEf.Tests.dll" adapterTypeName="Microsoft.VisualStudio.TestTools.TestTypes.Unit.UnitTestAdapter, Microsoft.VisualStudio.QualityTools.Tips.UnitTest.Adapter, Version=12.0.0.0, Culture=neutral, PublicKeyToken=b03f5f7f11d50a3a" className="SpecFlowWithEf.Tests.Features._10StepTransformation.StepArgumentTransformationsFeature, SpecFlowWithEf.Tests, Version=1.0.0.0, Culture=neutral, PublicKeyToken=null" name="StepsWithNon_StringArguments" />
    </UnitTest>
    <UnitTest name="UsingAndAndBut" storage="specflowwithef.tests.dll" id="69d62041-3571-1e7d-3bea-03b1290b1b7c">
      <Description>Using And and But</Description>
      <Execution id="ba0fdef1-7f86-403e-86aa-ba8af80d70b6" />
      <Properties>
        <Property>
          <Key>FeatureTitle</Key>
          <Value>Showing basic gherkin syntax</Value>
        </Property>
      </Properties>
      <TestMethod codeBase="C:/Users/joeychen/Dropbox/skill tree 課程/201510 第四梯/lab/day3-lab-solution/lab12-Living Document/SpecFlowWithEf.Tests/bin/Debug/SpecFlowWithEf.Tests.dll" adapterTypeName="Microsoft.VisualStudio.TestTools.TestTypes.Unit.UnitTestAdapter, Microsoft.VisualStudio.QualityTools.Tips.UnitTest.Adapter, Version=12.0.0.0, Culture=neutral, PublicKeyToken=b03f5f7f11d50a3a" className="SpecFlowWithEf.Tests.Features._00BasicGherkin.ShowingBasicGherkinSyntaxFeature, SpecFlowWithEf.Tests, Version=1.0.0.0, Culture=neutral, PublicKeyToken=null" name="UsingAndAndBut" />
    </UnitTest>
    <UnitTest name="AddTwoPositiveNumbersWithManyExamples_LessThan100_Variant0" storage="specflowwithef.tests.dll" id="f9c60788-4417-a2bf-674f-1590c073577f">
      <Description>Add two positive numbers with many examples</Description>
      <Execution id="cd12808e-a60d-412a-b3c0-5145c9b0ef7e" />
      <Properties>
        <Property>
          <Key>Parameter:number 2</Key>
          <Value>20</Value>
        </Property>
        <Property>
          <Key>Parameter:number 1</Key>
          <Value>10</Value>
        </Property>
        <Property>
          <Key>ExampleSetName</Key>
          <Value>less than 100</Value>
        </Property>
        <Property>
          <Key>VariantName</Key>
          <Value>Variant 0</Value>
        </Property>
        <Property>
          <Key>FeatureTitle</Key>
          <Value>Scenario outline</Value>
        </Property>
        <Property>
          <Key>Parameter:result</Key>
          <Value>30</Value>
        </Property>
      </Properties>
      <TestMethod codeBase="C:/Users/joeychen/Dropbox/skill tree 課程/201510 第四梯/lab/day3-lab-solution/lab12-Living Document/SpecFlowWithEf.Tests/bin/Debug/SpecFlowWithEf.Tests.dll" adapterTypeName="Microsoft.VisualStudio.TestTools.TestTypes.Unit.UnitTestAdapter, Microsoft.VisualStudio.QualityTools.Tips.UnitTest.Adapter, Version=12.0.0.0, Culture=neutral, PublicKeyToken=b03f5f7f11d50a3a" className="SpecFlowWithEf.Tests.Features._03ScenarioOutline.ScenarioOutlineFeature, SpecFlowWithEf.Tests, Version=1.0.0.0, Culture=neutral, PublicKeyToken=null" name="AddTwoPositiveNumbersWithManyExamples_LessThan100_Variant0" />
    </UnitTest>
    <UnitTest name="HookingIntoPreConditionsForScenarioBlocksInSpecFlow" storage="specflowwithef.tests.dll" id="d561568d-8663-9532-b9e7-a68505b74e95">
      <Description>Hooking into pre conditions for ScenarioBlocks in SpecFlow</Description>
      <Execution id="207417ea-f1e3-4e60-8045-ba81074d1574" />
      <Properties>
        <Property>
          <Key>FeatureTitle</Key>
          <Value>Addition</Value>
        </Property>
      </Properties>
      <TestMethod codeBase="C:/Users/joeychen/Dropbox/skill tree 課程/201510 第四梯/lab/day3-lab-solution/lab12-Living Document/SpecFlowWithEf.Tests/bin/Debug/SpecFlowWithEf.Tests.dll" adapterTypeName="Microsoft.VisualStudio.TestTools.TestTypes.Unit.UnitTestAdapter, Microsoft.VisualStudio.QualityTools.Tips.UnitTest.Adapter, Version=12.0.0.0, Culture=neutral, PublicKeyToken=b03f5f7f11d50a3a" className="SpecFlowWithEf.Tests.Features._02TagsAndHooks.AdditionFeature, SpecFlowWithEf.Tests, Version=1.0.0.0, Culture=neutral, PublicKeyToken=null" name="HookingIntoPreConditionsForScenarioBlocksInSpecFlow" />
    </UnitTest>
    <UnitTest name="MultiplyTwoNumbers" storage="specflowwithef.tests.dll" id="2a414629-7763-fb35-3c7a-406c4ff3a47b">
      <Description>Multiply two numbers</Description>
      <TestCategory>
        <TestCategoryItem TestCategory="arithmetic" />
        <TestCategoryItem TestCategory="fast" />
      </TestCategory>
      <Execution id="28e56819-543b-4ebb-874e-022c9cc81ddb" />
      <Properties>
        <Property>
          <Key>FeatureTitle</Key>
          <Value>Arithmetic</Value>
        </Property>
      </Properties>
      <TestMethod codeBase="C:/Users/joeychen/Dropbox/skill tree 課程/201510 第四梯/lab/day3-lab-solution/lab12-Living Document/SpecFlowWithEf.Tests/bin/Debug/SpecFlowWithEf.Tests.dll" adapterTypeName="Microsoft.VisualStudio.TestTools.TestTypes.Unit.UnitTestAdapter, Microsoft.VisualStudio.QualityTools.Tips.UnitTest.Adapter, Version=12.0.0.0, Culture=neutral, PublicKeyToken=b03f5f7f11d50a3a" className="SpecFlowWithEf.Tests.Features.ArithmeticFeature, SpecFlowWithEf.Tests, Version=1.0.0.0, Culture=neutral, PublicKeyToken=null" name="MultiplyTwoNumbers" />
    </UnitTest>
    <UnitTest name="CompareToSet" storage="specflowwithef.tests.dll" id="e3dbbd11-948c-8b76-6629-9793612feeb3">
      <Description>CompareToSet</Description>
      <Execution id="132c60bd-f0ce-4f76-bc2a-c6f755a6c239" />
      <Properties>
        <Property>
          <Key>FeatureTitle</Key>
          <Value>Show the compare to feature</Value>
        </Property>
      </Properties>
      <TestMethod codeBase="C:/Users/joeychen/Dropbox/skill tree 課程/201510 第四梯/lab/day3-lab-solution/lab12-Living Document/SpecFlowWithEf.Tests/bin/Debug/SpecFlowWithEf.Tests.dll" adapterTypeName="Microsoft.VisualStudio.TestTools.TestTypes.Unit.UnitTestAdapter, Microsoft.VisualStudio.QualityTools.Tips.UnitTest.Adapter, Version=12.0.0.0, Culture=neutral, PublicKeyToken=b03f5f7f11d50a3a" className="SpecFlowWithEf.Tests.Features._06CompareToAssist.ShowTheCompareToFeatureFeature, SpecFlowWithEf.Tests, Version=1.0.0.0, Culture=neutral, PublicKeyToken=null" name="CompareToSet" />
    </UnitTest>
    <UnitTest name="AddTwoNegativeNumbersWithManyExamples_LessThan100_Variant0" storage="specflowwithef.tests.dll" id="19e80fc9-7456-ee12-3ec1-caf946f39b80">
      <Description>Add two negative numbers with many examples</Description>
      <Execution id="ccae6282-c4bc-4441-8dfa-18f15c028b98" />
      <Properties>
        <Property>
          <Key>Parameter:number 2</Key>
          <Value>20</Value>
        </Property>
        <Property>
          <Key>Parameter:number 1</Key>
          <Value>10</Value>
        </Property>
        <Property>
          <Key>ExampleSetName</Key>
          <Value>less than 100</Value>
        </Property>
        <Property>
          <Key>VariantName</Key>
          <Value>Variant 0</Value>
        </Property>
        <Property>
          <Key>FeatureTitle</Key>
          <Value>Scenario outline</Value>
        </Property>
        <Property>
          <Key>Parameter:result</Key>
          <Value>30</Value>
        </Property>
      </Properties>
      <TestMethod codeBase="C:/Users/joeychen/Dropbox/skill tree 課程/201510 第四梯/lab/day3-lab-solution/lab12-Living Document/SpecFlowWithEf.Tests/bin/Debug/SpecFlowWithEf.Tests.dll" adapterTypeName="Microsoft.VisualStudio.TestTools.TestTypes.Unit.UnitTestAdapter, Microsoft.VisualStudio.QualityTools.Tips.UnitTest.Adapter, Version=12.0.0.0, Culture=neutral, PublicKeyToken=b03f5f7f11d50a3a" className="SpecFlowWithEf.Tests.Features._03ScenarioOutline.ScenarioOutlineFeature, SpecFlowWithEf.Tests, Version=1.0.0.0, Culture=neutral, PublicKeyToken=null" name="AddTwoNegativeNumbersWithManyExamples_LessThan100_Variant0" />
    </UnitTest>
    <UnitTest name="FeatureWithNoContext" storage="specflowwithef.tests.dll" id="61ea2b31-2179-5990-feea-78e46e09c0c9">
      <Description>Feature with no context</Description>
      <Execution id="549bd6bb-df5c-4665-aa7c-a8f81a774386" />
      <Properties>
        <Property>
          <Key>FeatureTitle</Key>
          <Value>Injecting context into step specifications</Value>
        </Property>
      </Properties>
      <TestMethod codeBase="C:/Users/joeychen/Dropbox/skill tree 課程/201510 第四梯/lab/day3-lab-solution/lab12-Living Document/SpecFlowWithEf.Tests/bin/Debug/SpecFlowWithEf.Tests.dll" adapterTypeName="Microsoft.VisualStudio.TestTools.TestTypes.Unit.UnitTestAdapter, Microsoft.VisualStudio.QualityTools.Tips.UnitTest.Adapter, Version=12.0.0.0, Culture=neutral, PublicKeyToken=b03f5f7f11d50a3a" className="SpecFlowWithEf.Tests.Features._11ContextInjection.InjectingContextIntoStepSpecificationsFeature, SpecFlowWithEf.Tests, Version=1.0.0.0, Culture=neutral, PublicKeyToken=null" name="FeatureWithNoContext" />
    </UnitTest>
    <UnitTest name="AddTwoNegativeNumbersWithManyExamples_LessThan100_Variant1" storage="specflowwithef.tests.dll" id="28b14da4-bbbf-2755-c7a8-fb04434885c8">
      <Description>Add two negative numbers with many examples</Description>
      <Execution id="d3efd7f4-3556-474f-b403-496ee1858ecc" />
      <Properties>
        <Property>
          <Key>Parameter:number 2</Key>
          <Value>20</Value>
        </Property>
        <Property>
          <Key>Parameter:number 1</Key>
          <Value>20</Value>
        </Property>
        <Property>
          <Key>ExampleSetName</Key>
          <Value>less than 100</Value>
        </Property>
        <Property>
          <Key>VariantName</Key>
          <Value>Variant 1</Value>
        </Property>
        <Property>
          <Key>FeatureTitle</Key>
          <Value>Scenario outline</Value>
        </Property>
        <Property>
          <Key>Parameter:result</Key>
          <Value>40</Value>
        </Property>
      </Properties>
      <TestMethod codeBase="C:/Users/joeychen/Dropbox/skill tree 課程/201510 第四梯/lab/day3-lab-solution/lab12-Living Document/SpecFlowWithEf.Tests/bin/Debug/SpecFlowWithEf.Tests.dll" adapterTypeName="Microsoft.VisualStudio.TestTools.TestTypes.Unit.UnitTestAdapter, Microsoft.VisualStudio.QualityTools.Tips.UnitTest.Adapter, Version=12.0.0.0, Culture=neutral, PublicKeyToken=b03f5f7f11d50a3a" className="SpecFlowWithEf.Tests.Features._03ScenarioOutline.ScenarioOutlineFeature, SpecFlowWithEf.Tests, Version=1.0.0.0, Culture=neutral, PublicKeyToken=null" name="AddTwoNegativeNumbersWithManyExamples_LessThan100_Variant1" />
    </UnitTest>
    <UnitTest name="MutlilineOutput" storage="specflowwithef.tests.dll" id="5d24b2e3-e9cb-1ef1-61cc-bac433923b41">
      <Description>Mutliline Output</Description>
      <TestCategory>
        <TestCategoryItem TestCategory="mytag" />
      </TestCategory>
      <Execution id="077ac75f-3ffe-488e-8bc3-85ee06d6aed4" />
      <Properties>
        <Property>
          <Key>FeatureTitle</Key>
          <Value>Multiline Feature Example</Value>
        </Property>
      </Properties>
      <TestMethod codeBase="C:/Users/joeychen/Dropbox/skill tree 課程/201510 第四梯/lab/day3-lab-solution/lab12-Living Document/SpecFlowWithEf.Tests/bin/Debug/SpecFlowWithEf.Tests.dll" adapterTypeName="Microsoft.VisualStudio.TestTools.TestTypes.Unit.UnitTestAdapter, Microsoft.VisualStudio.QualityTools.Tips.UnitTest.Adapter, Version=12.0.0.0, Culture=neutral, PublicKeyToken=b03f5f7f11d50a3a" className="SpecFlowWithEf.Tests.Features._13MultilineText.MultilineFeatureExampleFeature, SpecFlowWithEf.Tests, Version=1.0.0.0, Culture=neutral, PublicKeyToken=null" name="MutlilineOutput" />
    </UnitTest>
    <UnitTest name="FeatureWithASingleContext" storage="specflowwithef.tests.dll" id="a00db395-b235-f59e-128e-f4b054e851fe">
      <Description>Feature with a single context</Description>
      <Execution id="072776e5-1efa-4f94-948f-651838a11898" />
      <Properties>
        <Property>
          <Key>FeatureTitle</Key>
          <Value>Injecting context into step specifications</Value>
        </Property>
      </Properties>
      <TestMethod codeBase="C:/Users/joeychen/Dropbox/skill tree 課程/201510 第四梯/lab/day3-lab-solution/lab12-Living Document/SpecFlowWithEf.Tests/bin/Debug/SpecFlowWithEf.Tests.dll" adapterTypeName="Microsoft.VisualStudio.TestTools.TestTypes.Unit.UnitTestAdapter, Microsoft.VisualStudio.QualityTools.Tips.UnitTest.Adapter, Version=12.0.0.0, Culture=neutral, PublicKeyToken=b03f5f7f11d50a3a" className="SpecFlowWithEf.Tests.Features._11ContextInjection.InjectingContextIntoStepSpecificationsFeature, SpecFlowWithEf.Tests, Version=1.0.0.0, Culture=neutral, PublicKeyToken=null" name="FeatureWithASingleContext" />
    </UnitTest>
    <UnitTest name="HookingIntoPreConditionsForStepsInSpecFlow" storage="specflowwithef.tests.dll" id="368e5e6c-02c3-bb5c-ea76-ad95947818a6">
      <Description>Hooking into pre conditions for Steps in SpecFlow</Description>
      <Execution id="d6559dd6-d6f5-4ec1-b027-2a87c67ee9ac" />
      <Properties>
        <Property>
          <Key>FeatureTitle</Key>
          <Value>Addition</Value>
        </Property>
      </Properties>
      <TestMethod codeBase="C:/Users/joeychen/Dropbox/skill tree 課程/201510 第四梯/lab/day3-lab-solution/lab12-Living Document/SpecFlowWithEf.Tests/bin/Debug/SpecFlowWithEf.Tests.dll" adapterTypeName="Microsoft.VisualStudio.TestTools.TestTypes.Unit.UnitTestAdapter, Microsoft.VisualStudio.QualityTools.Tips.UnitTest.Adapter, Version=12.0.0.0, Culture=neutral, PublicKeyToken=b03f5f7f11d50a3a" className="SpecFlowWithEf.Tests.Features._02TagsAndHooks.AdditionFeature, SpecFlowWithEf.Tests, Version=1.0.0.0, Culture=neutral, PublicKeyToken=null" name="HookingIntoPreConditionsForStepsInSpecFlow" />
    </UnitTest>
    <UnitTest name="FeatureWithADependentContext" storage="specflowwithef.tests.dll" id="4935f965-628b-b964-d5da-bb8013d5b804">
      <Description>Feature with a dependent context</Description>
      <Execution id="3cb90dba-819c-4914-8398-5560a6ad21a4" />
      <Properties>
        <Property>
          <Key>FeatureTitle</Key>
          <Value>Injecting context into step specifications</Value>
        </Property>
      </Properties>
      <TestMethod codeBase="C:/Users/joeychen/Dropbox/skill tree 課程/201510 第四梯/lab/day3-lab-solution/lab12-Living Document/SpecFlowWithEf.Tests/bin/Debug/SpecFlowWithEf.Tests.dll" adapterTypeName="Microsoft.VisualStudio.TestTools.TestTypes.Unit.UnitTestAdapter, Microsoft.VisualStudio.QualityTools.Tips.UnitTest.Adapter, Version=12.0.0.0, Culture=neutral, PublicKeyToken=b03f5f7f11d50a3a" className="SpecFlowWithEf.Tests.Features._11ContextInjection.InjectingContextIntoStepSpecificationsFeature, SpecFlowWithEf.Tests, Version=1.0.0.0, Culture=neutral, PublicKeyToken=null" name="FeatureWithADependentContext" />
    </UnitTest>
    <UnitTest name="依據姓名訂單日期迄的條件查出顧客的訂單" storage="specflowwithef.tests.dll" id="d67f199d-0cf1-55f8-f698-e7660404c744">
      <Description>依據姓名、訂單日期迄的條件，查出顧客的訂單</Description>
      <Execution id="8389d803-ffac-4785-94a5-58c7a016f88d" />
      <Properties>
        <Property>
          <Key>FeatureTitle</Key>
          <Value>OrderQuery</Value>
        </Property>
      </Properties>
      <TestMethod codeBase="C:/Users/joeychen/Dropbox/skill tree 課程/201510 第四梯/lab/day3-lab-solution/lab12-Living Document/SpecFlowWithEf.Tests/bin/Debug/SpecFlowWithEf.Tests.dll" adapterTypeName="Microsoft.VisualStudio.TestTools.TestTypes.Unit.UnitTestAdapter, Microsoft.VisualStudio.QualityTools.Tips.UnitTest.Adapter, Version=12.0.0.0, Culture=neutral, PublicKeyToken=b03f5f7f11d50a3a" className="SpecFlowWithEf.Tests.Features.OrderQueryFeature, SpecFlowWithEf.Tests, Version=1.0.0.0, Culture=neutral, PublicKeyToken=null" name="依據姓名訂單日期迄的條件查出顧客的訂單" />
    </UnitTest>
    <UnitTest name="CreatingAEntityFromFieldValue" storage="specflowwithef.tests.dll" id="34c4b00e-7766-d69f-fbfc-ac543ff84571">
      <Description>Creating a entity from field value</Description>
      <Execution id="513eafe9-aa2b-4bb6-8e72-b423f6075ea3" />
      <Properties>
        <Property>
          <Key>FeatureTitle</Key>
          <Value>Showing table usage</Value>
        </Property>
      </Properties>
      <TestMethod codeBase="C:/Users/joeychen/Dropbox/skill tree 課程/201510 第四梯/lab/day3-lab-solution/lab12-Living Document/SpecFlowWithEf.Tests/bin/Debug/SpecFlowWithEf.Tests.dll" adapterTypeName="Microsoft.VisualStudio.TestTools.TestTypes.Unit.UnitTestAdapter, Microsoft.VisualStudio.QualityTools.Tips.UnitTest.Adapter, Version=12.0.0.0, Culture=neutral, PublicKeyToken=b03f5f7f11d50a3a" className="SpecFlowWithEf.Tests.Features._05TablesAndAssist.ShowingTableUsageFeature, SpecFlowWithEf.Tests, Version=1.0.0.0, Culture=neutral, PublicKeyToken=null" name="CreatingAEntityFromFieldValue" />
    </UnitTest>
    <UnitTest name="HookingIntoPreConditionsForFeaturesInSpecFlow" storage="specflowwithef.tests.dll" id="ffa12bbd-20d2-98ad-ba20-0fdff9a287db">
      <Description>Hooking into pre conditions for Features in SpecFlow</Description>
      <Execution id="cc082417-93af-43a2-ba22-09a0ef196c0d" />
      <Properties>
        <Property>
          <Key>FeatureTitle</Key>
          <Value>Addition</Value>
        </Property>
      </Properties>
      <TestMethod codeBase="C:/Users/joeychen/Dropbox/skill tree 課程/201510 第四梯/lab/day3-lab-solution/lab12-Living Document/SpecFlowWithEf.Tests/bin/Debug/SpecFlowWithEf.Tests.dll" adapterTypeName="Microsoft.VisualStudio.TestTools.TestTypes.Unit.UnitTestAdapter, Microsoft.VisualStudio.QualityTools.Tips.UnitTest.Adapter, Version=12.0.0.0, Culture=neutral, PublicKeyToken=b03f5f7f11d50a3a" className="SpecFlowWithEf.Tests.Features._02TagsAndHooks.AdditionFeature, SpecFlowWithEf.Tests, Version=1.0.0.0, Culture=neutral, PublicKeyToken=null" name="HookingIntoPreConditionsForFeaturesInSpecFlow" />
    </UnitTest>
    <UnitTest name="Summera5Och7SkaVara12" storage="specflowwithef.tests.dll" id="a4ac222e-78e2-5043-a63e-540c695e9528">
      <Description>Summera 5 och 7 ska vara 12</Description>
      <Execution id="163961bc-0dff-4e13-bf15-19ddee35dd90" />
      <Properties>
        <Property>
          <Key>FeatureTitle</Key>
          <Value>Summering</Value>
        </Property>
      </Properties>
      <TestMethod codeBase="C:/Users/joeychen/Dropbox/skill tree 課程/201510 第四梯/lab/day3-lab-solution/lab12-Living Document/SpecFlowWithEf.Tests/bin/Debug/SpecFlowWithEf.Tests.dll" adapterTypeName="Microsoft.VisualStudio.TestTools.TestTypes.Unit.UnitTestAdapter, Microsoft.VisualStudio.QualityTools.Tips.UnitTest.Adapter, Version=12.0.0.0, Culture=neutral, PublicKeyToken=b03f5f7f11d50a3a" className="SpecFlowWithEf.Tests.Features._07Svenska.SummeringFeature, SpecFlowWithEf.Tests, Version=1.0.0.0, Culture=neutral, PublicKeyToken=null" name="Summera5Och7SkaVara12" />
    </UnitTest>
    <UnitTest name="AScenarioWith2Tags" storage="specflowwithef.tests.dll" id="f30b2437-c99c-5c4c-9ce6-8194c84a6b2d">
      <Description>A scenario with 2 tags</Description>
      <TestCategory>
        <TestCategoryItem TestCategory="allAboutTags" />
        <TestCategoryItem TestCategory="testTag1" />
        <TestCategoryItem TestCategory="testTag3" />
        <TestCategoryItem TestCategory="important" />
      </TestCategory>
      <Execution id="ce787142-80a5-4a20-8f42-7cf0896fe759" />
      <Properties>
        <Property>
          <Key>FeatureTitle</Key>
          <Value>Tag demonstrator</Value>
        </Property>
      </Properties>
      <TestMethod codeBase="C:/Users/joeychen/Dropbox/skill tree 課程/201510 第四梯/lab/day3-lab-solution/lab12-Living Document/SpecFlowWithEf.Tests/bin/Debug/SpecFlowWithEf.Tests.dll" adapterTypeName="Microsoft.VisualStudio.TestTools.TestTypes.Unit.UnitTestAdapter, Microsoft.VisualStudio.QualityTools.Tips.UnitTest.Adapter, Version=12.0.0.0, Culture=neutral, PublicKeyToken=b03f5f7f11d50a3a" className="SpecFlowWithEf.Tests.Features._02TagsAndHooks.TagDemonstratorFeature, SpecFlowWithEf.Tests, Version=1.0.0.0, Culture=neutral, PublicKeyToken=null" name="AScenarioWith2Tags" />
    </UnitTest>
    <UnitTest name="SimpleGWT" storage="specflowwithef.tests.dll" id="afaa0fa1-3376-2890-e139-f7e84f4fa281">
      <Description>Simple GWT</Description>
      <Execution id="c859ec1d-44dd-4c82-be4f-cd2ea26b6d3e" />
      <Properties>
        <Property>
          <Key>FeatureTitle</Key>
          <Value>Showing basic gherkin syntax</Value>
        </Property>
      </Properties>
      <TestMethod codeBase="C:/Users/joeychen/Dropbox/skill tree 課程/201510 第四梯/lab/day3-lab-solution/lab12-Living Document/SpecFlowWithEf.Tests/bin/Debug/SpecFlowWithEf.Tests.dll" adapterTypeName="Microsoft.VisualStudio.TestTools.TestTypes.Unit.UnitTestAdapter, Microsoft.VisualStudio.QualityTools.Tips.UnitTest.Adapter, Version=12.0.0.0, Culture=neutral, PublicKeyToken=b03f5f7f11d50a3a" className="SpecFlowWithEf.Tests.Features._00BasicGherkin.ShowingBasicGherkinSyntaxFeature, SpecFlowWithEf.Tests, Version=1.0.0.0, Culture=neutral, PublicKeyToken=null" name="SimpleGWT" />
    </UnitTest>
    <UnitTest name="AddTwoPositiveNumbersWithManyExamples_LessThan100_Variant2" storage="specflowwithef.tests.dll" id="e5e84bbd-5a20-3634-6c7b-3ba63d413b5e">
      <Description>Add two positive numbers with many examples</Description>
      <Execution id="fcffd0fa-a05e-4571-b881-485c3cf44e62" />
      <Properties>
        <Property>
          <Key>Parameter:number 2</Key>
          <Value>30</Value>
        </Property>
        <Property>
          <Key>Parameter:number 1</Key>
          <Value>20</Value>
        </Property>
        <Property>
          <Key>ExampleSetName</Key>
          <Value>less than 100</Value>
        </Property>
        <Property>
          <Key>VariantName</Key>
          <Value>Variant 2</Value>
        </Property>
        <Property>
          <Key>FeatureTitle</Key>
          <Value>Scenario outline</Value>
        </Property>
        <Property>
          <Key>Parameter:result</Key>
          <Value>50</Value>
        </Property>
      </Properties>
      <TestMethod codeBase="C:/Users/joeychen/Dropbox/skill tree 課程/201510 第四梯/lab/day3-lab-solution/lab12-Living Document/SpecFlowWithEf.Tests/bin/Debug/SpecFlowWithEf.Tests.dll" adapterTypeName="Microsoft.VisualStudio.TestTools.TestTypes.Unit.UnitTestAdapter, Microsoft.VisualStudio.QualityTools.Tips.UnitTest.Adapter, Version=12.0.0.0, Culture=neutral, PublicKeyToken=b03f5f7f11d50a3a" className="SpecFlowWithEf.Tests.Features._03ScenarioOutline.ScenarioOutlineFeature, SpecFlowWithEf.Tests, Version=1.0.0.0, Culture=neutral, PublicKeyToken=null" name="AddTwoPositiveNumbersWithManyExamples_LessThan100_Variant2" />
    </UnitTest>
    <UnitTest name="CompareToInstance" storage="specflowwithef.tests.dll" id="b121f9a2-d320-5094-c4de-242f5e3dc779">
      <Description>CompareToInstance</Description>
      <Execution id="424b0d16-92f9-4986-8f86-c6044f977e0a" />
      <Properties>
        <Property>
          <Key>FeatureTitle</Key>
          <Value>Show the compare to feature</Value>
        </Property>
      </Properties>
      <TestMethod codeBase="C:/Users/joeychen/Dropbox/skill tree 課程/201510 第四梯/lab/day3-lab-solution/lab12-Living Document/SpecFlowWithEf.Tests/bin/Debug/SpecFlowWithEf.Tests.dll" adapterTypeName="Microsoft.VisualStudio.TestTools.TestTypes.Unit.UnitTestAdapter, Microsoft.VisualStudio.QualityTools.Tips.UnitTest.Adapter, Version=12.0.0.0, Culture=neutral, PublicKeyToken=b03f5f7f11d50a3a" className="SpecFlowWithEf.Tests.Features._06CompareToAssist.ShowTheCompareToFeatureFeature, SpecFlowWithEf.Tests, Version=1.0.0.0, Culture=neutral, PublicKeyToken=null" name="CompareToInstance" />
    </UnitTest>
    <UnitTest name="AddTwoNegativeNumbersWithManyExamples_MoreThan100_1000" storage="specflowwithef.tests.dll" id="5ede2ad3-f4b8-7963-013e-143b85304ff9">
      <Description>Add two negative numbers with many examples</Description>
      <Execution id="019d2729-34ca-474f-9f71-922f111878b3" />
      <Properties>
        <Property>
          <Key>Parameter:number 2</Key>
          <Value>20</Value>
        </Property>
        <Property>
          <Key>Parameter:number 1</Key>
          <Value>1000</Value>
        </Property>
        <Property>
          <Key>ExampleSetName</Key>
          <Value>more than 100</Value>
        </Property>
        <Property>
          <Key>VariantName</Key>
          <Value>1000</Value>
        </Property>
        <Property>
          <Key>FeatureTitle</Key>
          <Value>Scenario outline</Value>
        </Property>
        <Property>
          <Key>Parameter:result</Key>
          <Value>1020</Value>
        </Property>
      </Properties>
      <TestMethod codeBase="C:/Users/joeychen/Dropbox/skill tree 課程/201510 第四梯/lab/day3-lab-solution/lab12-Living Document/SpecFlowWithEf.Tests/bin/Debug/SpecFlowWithEf.Tests.dll" adapterTypeName="Microsoft.VisualStudio.TestTools.TestTypes.Unit.UnitTestAdapter, Microsoft.VisualStudio.QualityTools.Tips.UnitTest.Adapter, Version=12.0.0.0, Culture=neutral, PublicKeyToken=b03f5f7f11d50a3a" className="SpecFlowWithEf.Tests.Features._03ScenarioOutline.ScenarioOutlineFeature, SpecFlowWithEf.Tests, Version=1.0.0.0, Culture=neutral, PublicKeyToken=null" name="AddTwoNegativeNumbersWithManyExamples_MoreThan100_1000" />
    </UnitTest>
    <UnitTest name="ShowingInformationOfTheFeature" storage="specflowwithef.tests.dll" id="cdb26274-0473-500d-73f4-4529bf7a056e">
      <Description>Showing information of the feature</Description>
      <TestCategory>
        <TestCategoryItem TestCategory="andThisToo" />
        <TestCategoryItem TestCategory="showUpInScenarioInfo" />
      </TestCategory>
      <Execution id="d5b455cc-0271-4492-bf01-cf58d0fd1383" />
      <Properties>
        <Property>
          <Key>FeatureTitle</Key>
          <Value>FeatureContext features</Value>
        </Property>
      </Properties>
      <TestMethod codeBase="C:/Users/joeychen/Dropbox/skill tree 課程/201510 第四梯/lab/day3-lab-solution/lab12-Living Document/SpecFlowWithEf.Tests/bin/Debug/SpecFlowWithEf.Tests.dll" adapterTypeName="Microsoft.VisualStudio.TestTools.TestTypes.Unit.UnitTestAdapter, Microsoft.VisualStudio.QualityTools.Tips.UnitTest.Adapter, Version=12.0.0.0, Culture=neutral, PublicKeyToken=b03f5f7f11d50a3a" className="SpecFlowWithEf.Tests.Features._032FeatureContext.FeatureContextFeaturesFeature, SpecFlowWithEf.Tests, Version=1.0.0.0, Culture=neutral, PublicKeyToken=null" name="ShowingInformationOfTheFeature" />
    </UnitTest>
    <UnitTest name="FeatureWithRecursiveContexts" storage="specflowwithef.tests.dll" id="2682258a-3984-0b3d-f9f6-776cf30e4949">
      <Description>Feature with recursive contexts</Description>
      <Execution id="de7d34fc-59ad-4097-bc42-7054371bee53" />
      <Properties>
        <Property>
          <Key>FeatureTitle</Key>
          <Value>Injecting context into step specifications</Value>
        </Property>
      </Properties>
      <TestMethod codeBase="C:/Users/joeychen/Dropbox/skill tree 課程/201510 第四梯/lab/day3-lab-solution/lab12-Living Document/SpecFlowWithEf.Tests/bin/Debug/SpecFlowWithEf.Tests.dll" adapterTypeName="Microsoft.VisualStudio.TestTools.TestTypes.Unit.UnitTestAdapter, Microsoft.VisualStudio.QualityTools.Tips.UnitTest.Adapter, Version=12.0.0.0, Culture=neutral, PublicKeyToken=b03f5f7f11d50a3a" className="SpecFlowWithEf.Tests.Features._11ContextInjection.InjectingContextIntoStepSpecificationsFeature, SpecFlowWithEf.Tests, Version=1.0.0.0, Culture=neutral, PublicKeyToken=null" name="FeatureWithRecursiveContexts" />
    </UnitTest>
  </TestDefinitions>
  <TestLists>
    <TestList name="Results Not in a List" id="8c84fa94-04c1-424b-9868-57a2d4851a1d" />
    <TestList name="All Loaded Results" id="19431567-8539-422a-85d7-44ee4e166bda" />
  </TestLists>
  <TestEntries>
    <TestEntry testId="afaa0fa1-3376-2890-e139-f7e84f4fa281" executionId="c859ec1d-44dd-4c82-be4f-cd2ea26b6d3e" testListId="8c84fa94-04c1-424b-9868-57a2d4851a1d" />
    <TestEntry testId="69d62041-3571-1e7d-3bea-03b1290b1b7c" executionId="ba0fdef1-7f86-403e-86aa-ba8af80d70b6" testListId="8c84fa94-04c1-424b-9868-57a2d4851a1d" />
    <TestEntry testId="134d425b-1468-ebc7-f01c-2d96eb116f23" executionId="2ac16262-df07-4283-97d6-e9caef00846d" testListId="8c84fa94-04c1-424b-9868-57a2d4851a1d" />
    <TestEntry testId="ffa12bbd-20d2-98ad-ba20-0fdff9a287db" executionId="cc082417-93af-43a2-ba22-09a0ef196c0d" testListId="8c84fa94-04c1-424b-9868-57a2d4851a1d" />
    <TestEntry testId="d561568d-8663-9532-b9e7-a68505b74e95" executionId="207417ea-f1e3-4e60-8045-ba81074d1574" testListId="8c84fa94-04c1-424b-9868-57a2d4851a1d" />
    <TestEntry testId="64dbb63e-3428-a393-5900-807ee2bb2513" executionId="6f2020c5-4138-4e64-a4d9-925a7d887acd" testListId="8c84fa94-04c1-424b-9868-57a2d4851a1d" />
    <TestEntry testId="368e5e6c-02c3-bb5c-ea76-ad95947818a6" executionId="d6559dd6-d6f5-4ec1-b027-2a87c67ee9ac" testListId="8c84fa94-04c1-424b-9868-57a2d4851a1d" />
    <TestEntry testId="3760e8dc-f401-9f2e-3fbb-de1fc16523d0" executionId="b44399cc-5779-44b4-ae5e-b37af6ee704e" testListId="8c84fa94-04c1-424b-9868-57a2d4851a1d" />
    <TestEntry testId="b68313b8-44fe-7c96-acc1-84aee1e31392" executionId="a8624169-7d8c-4dbf-8d6f-4b10ba86a5a9" testListId="8c84fa94-04c1-424b-9868-57a2d4851a1d" />
    <TestEntry testId="f30b2437-c99c-5c4c-9ce6-8194c84a6b2d" executionId="ce787142-80a5-4a20-8f42-7cf0896fe759" testListId="8c84fa94-04c1-424b-9868-57a2d4851a1d" />
    <TestEntry testId="57557adc-2e16-d2b3-9553-973faf95f1f3" executionId="7489c069-b674-4679-9ef2-923c0cda1a55" testListId="8c84fa94-04c1-424b-9868-57a2d4851a1d" />
    <TestEntry testId="e9956b2d-115f-8b99-5b29-ec03f2460b59" executionId="362cd64b-a2c8-47fa-a207-bf14b8880255" testListId="8c84fa94-04c1-424b-9868-57a2d4851a1d" />
    <TestEntry testId="63468769-739d-55fc-4132-7b83be7d7109" executionId="0a9a43b1-f341-4911-a933-a12f9302363f" testListId="8c84fa94-04c1-424b-9868-57a2d4851a1d" />
    <TestEntry testId="3bfffa52-bdd6-dcaf-db7d-ed49765bbd0d" executionId="db6d3fd9-e301-4653-9c4d-16520cfdf465" testListId="8c84fa94-04c1-424b-9868-57a2d4851a1d" />
    <TestEntry testId="93266cf1-4b76-db8a-5759-b9c85ba1c1a8" executionId="724fc864-aea3-4cb9-8546-c19566cf1bda" testListId="8c84fa94-04c1-424b-9868-57a2d4851a1d" />
    <TestEntry testId="50d6f013-3a1c-4591-3a07-cfb38ba41423" executionId="e3be2df2-0aad-4e2d-86f9-d8644b6b9cfd" testListId="8c84fa94-04c1-424b-9868-57a2d4851a1d" />
    <TestEntry testId="cdb26274-0473-500d-73f4-4529bf7a056e" executionId="d5b455cc-0271-4492-bf01-cf58d0fd1383" testListId="8c84fa94-04c1-424b-9868-57a2d4851a1d" />
    <TestEntry testId="3d338561-a2c3-c33e-a0f9-4aaa6e98e3c0" executionId="0d6c166d-90a2-4975-9ef1-e0901c3c005d" testListId="8c84fa94-04c1-424b-9868-57a2d4851a1d" />
    <TestEntry testId="19e80fc9-7456-ee12-3ec1-caf946f39b80" executionId="ccae6282-c4bc-4441-8dfa-18f15c028b98" testListId="8c84fa94-04c1-424b-9868-57a2d4851a1d" />
    <TestEntry testId="28b14da4-bbbf-2755-c7a8-fb04434885c8" executionId="d3efd7f4-3556-474f-b403-496ee1858ecc" testListId="8c84fa94-04c1-424b-9868-57a2d4851a1d" />
    <TestEntry testId="a6c6f66f-e304-dd07-d4fd-93c826200351" executionId="594d6c5c-6e99-45fc-81c6-dfef87472a2c" testListId="8c84fa94-04c1-424b-9868-57a2d4851a1d" />
    <TestEntry testId="f03e835e-223e-1332-3673-a4d6b58dd517" executionId="0bb655f2-6660-4b97-8d90-35060e41b42e" testListId="8c84fa94-04c1-424b-9868-57a2d4851a1d" />
    <TestEntry testId="5ede2ad3-f4b8-7963-013e-143b85304ff9" executionId="019d2729-34ca-474f-9f71-922f111878b3" testListId="8c84fa94-04c1-424b-9868-57a2d4851a1d" />
    <TestEntry testId="f9c60788-4417-a2bf-674f-1590c073577f" executionId="cd12808e-a60d-412a-b3c0-5145c9b0ef7e" testListId="8c84fa94-04c1-424b-9868-57a2d4851a1d" />
    <TestEntry testId="da629640-7213-aa75-cfed-49d82d9222b0" executionId="e2e061ab-272a-4297-b492-33f4b05f23e8" testListId="8c84fa94-04c1-424b-9868-57a2d4851a1d" />
    <TestEntry testId="e5e84bbd-5a20-3634-6c7b-3ba63d413b5e" executionId="fcffd0fa-a05e-4571-b881-485c3cf44e62" testListId="8c84fa94-04c1-424b-9868-57a2d4851a1d" />
    <TestEntry testId="d2c44e60-178f-51e2-ac14-c78b3cde6f25" executionId="954b4f7c-df11-497e-ae70-a79e349ce9db" testListId="8c84fa94-04c1-424b-9868-57a2d4851a1d" />
    <TestEntry testId="283f0994-e586-17ba-1ad3-e54812055854" executionId="82449e4a-0cf7-4e52-9f63-66037413fe93" testListId="8c84fa94-04c1-424b-9868-57a2d4851a1d" />
    <TestEntry testId="242556f0-3c2b-eebb-4b4e-00147af06a7a" executionId="9e99a067-25d6-4e12-903c-34f65b4183f9" testListId="8c84fa94-04c1-424b-9868-57a2d4851a1d" />
    <TestEntry testId="4b275d82-7313-672c-a63b-30b24f8c011d" executionId="6eae6441-f07c-4eb1-a795-e71417a75f58" testListId="8c84fa94-04c1-424b-9868-57a2d4851a1d" />
    <TestEntry testId="34c4b00e-7766-d69f-fbfc-ac543ff84571" executionId="513eafe9-aa2b-4bb6-8e72-b423f6075ea3" testListId="8c84fa94-04c1-424b-9868-57a2d4851a1d" />
    <TestEntry testId="789c654a-7526-7f3b-772f-899479e6cf9e" executionId="cdb2e107-a663-4f04-88d8-500657b64c9c" testListId="8c84fa94-04c1-424b-9868-57a2d4851a1d" />
    <TestEntry testId="8e8eb3fe-3f3f-d90e-5ee9-cb0286bda458" executionId="7d3c64f5-7d11-492f-86cd-2fc048fb97f0" testListId="8c84fa94-04c1-424b-9868-57a2d4851a1d" />
    <TestEntry testId="99db4fc7-aa07-6e09-92dd-e6de84a3dc7d" executionId="9aab93a4-0b22-437f-9a63-12488ebf2190" testListId="8c84fa94-04c1-424b-9868-57a2d4851a1d" />
    <TestEntry testId="b121f9a2-d320-5094-c4de-242f5e3dc779" executionId="424b0d16-92f9-4986-8f86-c6044f977e0a" testListId="8c84fa94-04c1-424b-9868-57a2d4851a1d" />
    <TestEntry testId="e3dbbd11-948c-8b76-6629-9793612feeb3" executionId="132c60bd-f0ce-4f76-bc2a-c6f755a6c239" testListId="8c84fa94-04c1-424b-9868-57a2d4851a1d" />
    <TestEntry testId="a4ac222e-78e2-5043-a63e-540c695e9528" executionId="163961bc-0dff-4e13-bf15-19ddee35dd90" testListId="8c84fa94-04c1-424b-9868-57a2d4851a1d" />
    <TestEntry testId="e0a8228a-559f-1ed3-2153-ad708ca9e022" executionId="26221be2-5956-4153-b8c8-37a5df1cfea3" testListId="8c84fa94-04c1-424b-9868-57a2d4851a1d" />
    <TestEntry testId="2076d99b-91be-ac33-b66f-a679254b6240" executionId="0b18891f-bc12-4285-8fed-3851c4fac22c" testListId="8c84fa94-04c1-424b-9868-57a2d4851a1d" />
    <TestEntry testId="a398b24c-b33b-440e-df36-e91b54ad8f4b" executionId="fe9d0a1a-2a91-4342-ba11-1cb97c6ce833" testListId="8c84fa94-04c1-424b-9868-57a2d4851a1d" />
    <TestEntry testId="416376aa-6b4e-d71b-6e9d-30e5903109e5" executionId="2c7bf520-0611-4eca-9f6d-c228a66f3f20" testListId="8c84fa94-04c1-424b-9868-57a2d4851a1d" />
[...]
        }</StdOut>
        <ErrorInfo>
          <Message>Assert.Inconclusive failed. No matching step definition found for one or more steps.
using System;
using TechTalk.SpecFlow;

namespace MyNamespace
{
    [Binding]
    public class StepDefinitions
    {
        [Given(@"I have entered (.*) into the calculator")]
        public void GivenIHaveEnteredIntoTheCalculator(int p0)
        {
            ScenarioContext.Current.Pending();
        }
        
        [When(@"I press subtract")]
        public void WhenIPressSubtract()
        {
            ScenarioContext.Current.Pending();
        }
        
        [Then(@"the result should be (.*) on the screen")]
        public void ThenTheResultShouldBeOnTheScreen(int p0)
        {
            ScenarioContext.Current.Pending();
        }
    }
}
</Message>
          <StackTrace>   at lambda_method(Closure , String , Object[] )
   at TechTalk.SpecFlow.UnitTestProvider.MsTestRuntimeProvider.TestInconclusive(String message)
   at TechTalk.SpecFlow.UnitTestProvider.MsTestRuntimeProvider.TestPending(String message)
   at TechTalk.SpecFlow.ErrorHandling.ErrorProvider.ThrowPendingError(TestStatus testStatus, String message)
   at TechTalk.SpecFlow.Infrastructure.TestExecutionEngine.OnAfterLastStep()
   at TechTalk.SpecFlow.TestRunner.CollectScenarioErrors()
   at SpecFlowWithEf.Tests.Features.ArithmeticFeature.ScenarioCleanup() in c:\Users\joeychen\Dropbox\skill tree 課程\201510 第四梯\lab\day3-lab-source\lab12-Living Document\SpecFlowWithEf.Tests\features\Arithmetic.feature.cs:line 0
   at SpecFlowWithEf.Tests.Features.ArithmeticFeature.SubtractTwoNumbers() in c:\Users\joeychen\Dropbox\skill tree 課程\201510 第四梯\lab\day3-lab-source\lab12-Living Document\SpecFlowWithEf.Tests\features\Arithmetic.feature:line 18
</StackTrace>
        </ErrorInfo>
      </Output>
    </UnitTestResult>
    <UnitTestResult executionId="8389d803-ffac-4785-94a5-58c7a016f88d" testId="d67f199d-0cf1-55f8-f698-e7660404c744" testName="依據姓名訂單日期迄的條件查出顧客的訂單" computerName="WANTALMOST-V7" duration="00:00:05.5704298" startTime="2015-08-26T17:14:06.8512129+08:00" endTime="2015-08-26T17:14:12.4269813+08:00" testType="13cdc9d9-ddb5-4fa4-a97d-d965ccfc6d4b" outcome="Passed" testListId="8c84fa94-04c1-424b-9868-57a2d4851a1d" relativeResultsDirectory="8389d803-ffac-4785-94a5-58c7a016f88d">
      <Output>
        <StdOut>Given 查詢條件為
  --- table step argument ---
  | CustomerId | OrderDateStart | OrderDateEnd |
  | Joey       |                | 2014-07-04   |
-&gt; done: OrderQuerySteps.Given查詢條件為(&lt;table&gt;) (0.0s)
And 預計Customers資料應有
  --- table step argument ---
  | CustomerID | CompanyName |
  | Joey       | SkillTree   |
-&gt; done: OrderQuerySteps.Given預計Customers資料應有(&lt;table&gt;) (0.7s)
And 預計Orders資料應有
  --- table step argument ---
  | CustomerID | OrderDate  | ShipCity |
  | Joey       | 2014-07-02 | Taipei   |
  | Joey       | 2014-07-03 | Taipei   |
  | Joey       | 2014-07-04 | Changhua |
  | Joey       | 2014-07-05 | Changhua |
  | Joey       | 2014-07-08 | Changhua |
-&gt; done: OrderQuerySteps.Given預計Orders資料應有(&lt;table&gt;) (0.2s)
When 呼叫Query方法
-&gt; done: OrderQuerySteps.When呼叫Query方法() (1.1s)
Then 查詢結果應為
  --- table step argument ---
  | CustomerID | OrderDate  | ShipCity |
  | Joey       | 2014-07-02 | Taipei   |
  | Joey       | 2014-07-03 | Taipei   |
  | Joey       | 2014-07-04 | Changhua |
-&gt; done: OrderQuerySteps.Then查詢結果應為(&lt;table&gt;) (0.0s)</StdOut>
      </Output>
    </UnitTestResult>
    <UnitTestResult executionId="909f2fa8-bfd6-47a8-94bf-7c2868ee6fa2" testId="9ef2b9e7-687b-d98f-d478-0d14a0b8fcb1" testName="依據姓名訂單日期起的條件查出顧客的訂單" computerName="WANTALMOST-V7" duration="00:00:00.5640597" startTime="2015-08-26T17:14:12.4289805+08:00" endTime="2015-08-26T17:14:12.9947541+08:00" testType="13cdc9d9-ddb5-4fa4-a97d-d965ccfc6d4b" outcome="Passed" testListId="8c84fa94-04c1-424b-9868-57a2d4851a1d" relativeResultsDirectory="909f2fa8-bfd6-47a8-94bf-7c2868ee6fa2">
      <Output>
        <StdOut>Given 查詢條件為
  --- table step argument ---
  | CustomerId | OrderDateStart | OrderDateEnd |
  | Joey       | 2014-07-03     |              |
-&gt; done: OrderQuerySteps.Given查詢條件為(&lt;table&gt;) (0.0s)
And 預計Customers資料應有
  --- table step argument ---
  | CustomerID | CompanyName |
  | Joey       | SkillTree   |
-&gt; done: OrderQuerySteps.Given預計Customers資料應有(&lt;table&gt;) (0.0s)
And 預計Orders資料應有
  --- table step argument ---
  | CustomerID | OrderDate  | ShipCity |
  | Joey       | 2014-07-02 | Taipei   |
  | Joey       | 2014-07-03 | Taipei   |
  | Joey       | 2014-07-04 | Changhua |
  | Joey       | 2014-07-05 | Changhua |
  | Joey       | 2014-07-08 | Changhua |
-&gt; done: OrderQuerySteps.Given預計Orders資料應有(&lt;table&gt;) (0.3s)
When 呼叫Query方法
-&gt; done: OrderQuerySteps.When呼叫Query方法() (0.1s)
Then 查詢結果應為
  --- table step argument ---
  | CustomerID | OrderDate  | ShipCity |
  | Joey       | 2014-07-03 | Taipei   |
  | Joey       | 2014-07-04 | Changhua |
  | Joey       | 2014-07-05 | Changhua |
  | Joey       | 2014-07-08 | Changhua |
-&gt; done: OrderQuerySteps.Then查詢結果應為(&lt;table&gt;) (0.0s)</StdOut>
      </Output>
    </UnitTestResult>
    <UnitTestResult executionId="987be41e-00ee-4596-b0c8-2bf1ed31036e" testId="40d16aa0-0970-a41c-fa88-b5585f03c35e" testName="依據姓名訂單日期起訂單日期迄條件查出顧客的訂單" computerName="WANTALMOST-V7" duration="00:00:01.0112324" startTime="2015-08-26T17:14:13.1147061+08:00" endTime="2015-08-26T17:14:14.1283005+08:00" testType="13cdc9d9-ddb5-4fa4-a97d-d965ccfc6d4b" outcome="Passed" testListId="8c84fa94-04c1-424b-9868-57a2d4851a1d" relativeResultsDirectory="987be41e-00ee-4596-b0c8-2bf1ed31036e">
      <Output>
        <StdOut>Given 查詢條件為
  --- table step argument ---
  | CustomerId | OrderDateStart | OrderDateEnd |
  | Joey       | 2014-07-03     | 2014-07-07   |
-&gt; done: OrderQuerySteps.Given查詢條件為(&lt;table&gt;) (0.0s)
And 預計Customers資料應有
  --- table step argument ---
  | CustomerID | CompanyName |
  | Joey       | SkillTree   |
-&gt; done: OrderQuerySteps.Given預計Customers資料應有(&lt;table&gt;) (0.0s)
And 預計Orders資料應有
  --- table step argument ---
  | CustomerID | OrderDate  | ShipCity |
  | Joey       | 2014-07-02 | Taipei   |
  | Joey       | 2014-07-03 | Taipei   |
  | Joey       | 2014-07-04 | Changhua |
  | Joey       | 2014-07-05 | Changhua |
  | Joey       | 2014-07-08 | Changhua |
-&gt; done: OrderQuerySteps.Given預計Orders資料應有(&lt;table&gt;) (0.2s)
When 呼叫Query方法
-&gt; done: OrderQuerySteps.When呼叫Query方法() (0.4s)
Then 查詢結果應為
  --- table step argument ---
  | CustomerID | OrderDate  | ShipCity |
  | Joey       | 2014-07-03 | Taipei   |
  | Joey       | 2014-07-04 | Changhua |
  | Joey       | 2014-07-05 | Changhua |
-&gt; done: OrderQuerySteps.Then查詢結果應為(&lt;table&gt;) (0.0s)</StdOut>
      </Output>
    </UnitTestResult>
    <UnitTestResult executionId="c4d351d7-3114-455f-8544-1db1d6e891c3" testId="692c0d07-86a5-0c01-4328-f20ea90fac30" testName="Cosine" computerName="WANTALMOST-V7" duration="00:00:00.0043349" startTime="2015-08-26T17:14:14.1293001+08:00" endTime="2015-08-26T17:14:14.1362973+08:00" testType="13cdc9d9-ddb5-4fa4-a97d-d965ccfc6d4b" outcome="Inconclusive" testListId="8c84fa94-04c1-424b-9868-57a2d4851a1d" relativeResultsDirectory="c4d351d7-3114-455f-8544-1db1d6e891c3">
      <Output>
        <StdOut>Given I have entered 0 into the calculator
-&gt; No matching step definition found for the step. Use the following code to create one:
        [Given(@"I have entered (.*) into the calculator")]
        public void GivenIHaveEnteredIntoTheCalculator(int p0)
        {
            ScenarioContext.Current.Pending();
        }

When I press cos
-&gt; No matching step definition found for the step. Use the following code to create one:
        [When(@"I press cos")]
        public void WhenIPressCos()
        {
            ScenarioContext.Current.Pending();
        }

Then the result should be 1 on the screen
-&gt; No matching step definition found for the step. Use the following code to create one:
        [Then(@"the result should be (.*) on the screen")]
        public void ThenTheResultShouldBeOnTheScreen(int p0)
        {
            ScenarioContext.Current.Pending();
        }</StdOut>
        <ErrorInfo>
          <Message>Assert.Inconclusive failed. No matching step definition found for one or more steps.
using System;
using TechTalk.SpecFlow;

namespace MyNamespace
{
    [Binding]
    public class StepDefinitions
    {
        [Given(@"I have entered (.*) into the calculator")]
        public void GivenIHaveEnteredIntoTheCalculator(int p0)
        {
            ScenarioContext.Current.Pending();
        }
        
        [When(@"I press cos")]
        public void WhenIPressCos()
        {
            ScenarioContext.Current.Pending();
        }
        
        [Then(@"the result should be (.*) on the screen")]
        public void ThenTheResultShouldBeOnTheScreen(int p0)
        {
            ScenarioContext.Current.Pending();
        }
    }
}
</Message>
          <StackTrace>   at lambda_method(Closure , String , Object[] )
   at TechTalk.SpecFlow.UnitTestProvider.MsTestRuntimeProvider.TestInconclusive(String message)
   at TechTalk.SpecFlow.UnitTestProvider.MsTestRuntimeProvider.TestPending(String message)
   at TechTalk.SpecFlow.ErrorHandling.ErrorProvider.ThrowPendingError(TestStatus testStatus, String message)
   at TechTalk.SpecFlow.Infrastructure.TestExecutionEngine.OnAfterLastStep()
   at TechTalk.SpecFlow.TestRunner.CollectScenarioErrors()
   at SpecFlowWithEf.Tests.Features.TrigonometryFeature.ScenarioCleanup() in c:\Users\joeychen\Dropbox\skill tree 課程\201510 第四梯\lab\day3-lab-source\lab12-Living Document\SpecFlowWithEf.Tests\features\Trigonometry.feature.cs:line 0
   at SpecFlowWithEf.Tests.Features.TrigonometryFeature.Cosine() in c:\Users\joeychen\Dropbox\skill tree 課程\201510 第四梯\lab\day3-lab-source\lab12-Living Document\SpecFlowWithEf.Tests\features\Trigonometry.feature:line 16
</StackTrace>
        </ErrorInfo>
      </Output>
    </UnitTestResult>
    <UnitTestResult executionId="885096a6-d73a-4415-b361-0ab722b9e838" testId="79dc898b-b126-08b0-d8c8-d3f836a7f12c" testName="Sine" computerName="WANTALMOST-V7" duration="00:00:00.0045968" startTime="2015-08-26T17:14:14.1382965+08:00" endTime="2015-08-26T17:14:14.1452937+08:00" testType="13cdc9d9-ddb5-4fa4-a97d-d965ccfc6d4b" outcome="Inconclusive" testListId="8c84fa94-04c1-424b-9868-57a2d4851a1d" relativeResultsDirectory="885096a6-d73a-4415-b361-0ab722b9e838">
      <Output>
        <StdOut>Given I have entered 90 into the calculator
-&gt; No matching step definition found for the step. Use the following code to create one:
        [Given(@"I have entered (.*) into the calculator")]
        public void GivenIHaveEnteredIntoTheCalculator(int p0)
        {
            ScenarioContext.Current.Pending();
        }

When I press sin
-&gt; No matching step definition found for the step. Use the following code to create one:
        [When(@"I press sin")]
        public void WhenIPressSin()
        {
            ScenarioContext.Current.Pending();
        }

Then the result should be 1 on the screen
-&gt; No matching step definition found for the step. Use the following code to create one:
        [Then(@"the result should be (.*) on the screen")]
        public void ThenTheResultShouldBeOnTheScreen(int p0)
        {
            ScenarioContext.Current.Pending();
        }</StdOut>
        <ErrorInfo>
          <Message>Assert.Inconclusive failed. No matching step definition found for one or more steps.
using System;
using TechTalk.SpecFlow;

namespace MyNamespace
{
    [Binding]
    public class StepDefinitions
    {
        [Given(@"I have entered (.*) into the calculator")]
        public void GivenIHaveEnteredIntoTheCalculator(int p0)
        {
            ScenarioContext.Current.Pending();
        }
        
        [When(@"I press sin")]
        public void WhenIPressSin()
        {
            ScenarioContext.Current.Pending();
        }
        
        [Then(@"the result should be (.*) on the screen")]
        public void ThenTheResultShouldBeOnTheScreen(int p0)
        {
            ScenarioContext.Current.Pending();
        }
    }
}
</Message>
          <StackTrace>   at lambda_method(Closure , String , Object[] )
   at TechTalk.SpecFlow.UnitTestProvider.MsTestRuntimeProvider.TestInconclusive(String message)
   at TechTalk.SpecFlow.UnitTestProvider.MsTestRuntimeProvider.TestPending(String message)
   at TechTalk.SpecFlow.ErrorHandling.ErrorProvider.ThrowPendingError(TestStatus testStatus, String message)
   at TechTalk.SpecFlow.Infrastructure.TestExecutionEngine.OnAfterLastStep()
   at TechTalk.SpecFlow.TestRunner.CollectScenarioErrors()
   at SpecFlowWithEf.Tests.Features.TrigonometryFeature.ScenarioCleanup() in c:\Users\joeychen\Dropbox\skill tree 課程\201510 第四梯\lab\day3-lab-source\lab12-Living Document\SpecFlowWithEf.Tests\features\Trigonometry.feature.cs:line 0
   at SpecFlowWithEf.Tests.Features.TrigonometryFeature.Sine() in c:\Users\joeychen\Dropbox\skill tree 課程\201510 第四梯\lab\day3-lab-source\lab12-Living Document\SpecFlowWithEf.Tests\features\Trigonometry.feature:line 10
</StackTrace>
        </ErrorInfo>
      </Output>
    </UnitTestResult>
    <UnitTestResult executionId="a0ac1d15-2997-4939-bfff-a800d21eccfd" testId="8c2db212-f1a5-7d15-c14f-75b017719c29" testName="Tangent" computerName="WANTALMOST-V7" duration="00:00:00.0041807" startTime="2015-08-26T17:14:14.1472929+08:00" endTime="2015-08-26T17:14:14.1532905+08:00" testType="13cdc9d9-ddb5-4fa4-a97d-d965ccfc6d4b" outcome="Inconclusive" testListId="8c84fa94-04c1-424b-9868-57a2d4851a1d" relativeResultsDirectory="a0ac1d15-2997-4939-bfff-a800d21eccfd">
      <Output>
        <StdOut>Given I have entered 45 into the calculator
-&gt; No matching step definition found for the step. Use the following code to create one:
        [Given(@"I have entered (.*) into the calculator")]
        public void GivenIHaveEnteredIntoTheCalculator(int p0)
        {
            ScenarioContext.Current.Pending();
        }

When I press tan
-&gt; No matching step definition found for the step. Use the following code to create one:
        [When(@"I press tan")]
        public void WhenIPressTan()
        {
            ScenarioContext.Current.Pending();
        }

Then the result should be 1 on the screen
-&gt; No matching step definition found for the step. Use the following code to create one:
        [Then(@"the result should be (.*) on the screen")]
        public void ThenTheResultShouldBeOnTheScreen(int p0)
        {
            ScenarioContext.Current.Pending();
        }</StdOut>
        <ErrorInfo>
          <Message>Assert.Inconclusive failed. No matching step definition found for one or more steps.
using System;
using TechTalk.SpecFlow;

namespace MyNamespace
{
    [Binding]
    public class StepDefinitions
    {
        [Given(@"I have entered (.*) into the calculator")]
        public void GivenIHaveEnteredIntoTheCalculator(int p0)
        {
            ScenarioContext.Current.Pending();
        }
        
        [When(@"I press tan")]
        public void WhenIPressTan()
        {
            ScenarioContext.Current.Pending();
        }
        
        [Then(@"the result should be (.*) on the screen")]
        public void ThenTheResultShouldBeOnTheScreen(int p0)
        {
            ScenarioContext.Current.Pending();
        }
    }
}
</Message>
          <StackTrace>   at lambda_method(Closure , String , Object[] )
   at TechTalk.SpecFlow.UnitTestProvider.MsTestRuntimeProvider.TestInconclusive(String message)
   at TechTalk.SpecFlow.UnitTestProvider.MsTestRuntimeProvider.TestPending(String message)
   at TechTalk.SpecFlow.ErrorHandling.ErrorProvider.ThrowPendingError(TestStatus testStatus, String message)
   at TechTalk.SpecFlow.Infrastructure.TestExecutionEngine.OnAfterLastStep()
   at TechTalk.SpecFlow.TestRunner.CollectScenarioErrors()
   at SpecFlowWithEf.Tests.Features.TrigonometryFeature.ScenarioCleanup() in c:\Users\joeychen\Dropbox\skill tree 課程\201510 第四梯\lab\day3-lab-source\lab12-Living Document\SpecFlowWithEf.Tests\features\Trigonometry.feature.cs:line 0
   at SpecFlowWithEf.Tests.Features.TrigonometryFeature.Tangent() in c:\Users\joeychen\Dropbox\skill tree 課程\201510 第四梯\lab\day3-lab-source\lab12-Living Document\SpecFlowWithEf.Tests\features\Trigonometry.feature:line 22
</StackTrace>
        </ErrorInfo>
      </Output>
    </UnitTestResult>
    <UnitTestResult executionId="1db1164a-69ba-4c64-9635-39b8deadc152" testId="e72aa82a-5639-ddc2-819f-95e4564f28a8" testName="ClearTheScreen" computerName="WANTALMOST-V7" duration="00:00:00.0049942" startTime="2015-08-26T17:14:14.1552897+08:00" endTime="2015-08-26T17:14:14.1642861+08:00" testType="13cdc9d9-ddb5-4fa4-a97d-d965ccfc6d4b" outcome="Inconclusive" testListId="8c84fa94-04c1-424b-9868-57a2d4851a1d" relativeResultsDirectory="1db1164a-69ba-4c64-9635-39b8deadc152">
      <Output>
        <StdOut>Given I have entered 50 into the calculator
-&gt; No matching step definition found for the step. Use the following code to create one:
        [Given(@"I have entered (.*) into the calculator")]
        public void GivenIHaveEnteredIntoTheCalculator(int p0)
        {
            ScenarioContext.Current.Pending();
        }

And I have entered 70 into the calculator
-&gt; No matching step definition found for the step. Use the following code to create one:
        [Given(@"I have entered (.*) into the calculator")]
        public void GivenIHaveEnteredIntoTheCalculator(int p0)
        {
            ScenarioContext.Current.Pending();
        }

When I press C
-&gt; No matching step definition found for the step. Use the following code to create one:
        [When(@"I press C")]
        public void WhenIPressC()
        {
            ScenarioContext.Current.Pending();
        }

Then the screen should be empty
-&gt; No matching step definition found for the step. Use the following code to create one:
        [Then(@"the screen should be empty")]
        public void ThenTheScreenShouldBeEmpty()
        {
            ScenarioContext.Current.Pending();
        }</StdOut>
        <ErrorInfo>
          <Message>Assert.Inconclusive failed. No matching step definition found for one or more steps.
using System;
using TechTalk.SpecFlow;

namespace MyNamespace
{
    [Binding]
    public class StepDefinitions
    {
        [Given(@"I have entered (.*) into the calculator")]
        public void GivenIHaveEnteredIntoTheCalculator(int p0)
        {
            ScenarioContext.Current.Pending();
        }
        
        [When(@"I press C")]
        public void WhenIPressC()
        {
            ScenarioContext.Current.Pending();
        }
        
        [Then(@"the screen should be empty")]
        public void ThenTheScreenShouldBeEmpty()
        {
            ScenarioContext.Current.Pending();
        }
    }
}
</Message>
          <StackTrace>   at lambda_method(Closure , String , Object[] )
   at TechTalk.SpecFlow.UnitTestProvider.MsTestRuntimeProvider.TestInconclusive(String message)
   at TechTalk.SpecFlow.UnitTestProvider.MsTestRuntimeProvider.TestPending(String message)
   at TechTalk.SpecFlow.ErrorHandling.ErrorProvider.ThrowPendingError(TestStatus testStatus, String message)
   at TechTalk.SpecFlow.Infrastructure.TestExecutionEngine.OnAfterLastStep()
   at TechTalk.SpecFlow.TestRunner.CollectScenarioErrors()
   at SpecFlowWithEf.Tests.Features.Workflow.ClearingScreenFeature.ScenarioCleanup() in c:\Users\joeychen\Dropbox\skill tree 課程\201510 第四梯\lab\day3-lab-source\lab12-Living Document\SpecFlowWithEf.Tests\features\Workflow\ClearingScreen.feature.cs:line 0
   at SpecFlowWithEf.Tests.Features.Workflow.ClearingScreenFeature.ClearTheScreen() in c:\Users\joeychen\Dropbox\skill tree 課程\201510 第四梯\lab\day3-lab-source\lab12-Living Document\SpecFlowWithEf.Tests\features\Workflow\ClearingScreen.feature:line 11
</StackTrace>
        </ErrorInfo>
      </Output>
    </UnitTestResult>
  </Results>
</TestRun>